/home/krono/dev/RobotProgramming/Pothole-Reporting-Robot/install/my_robot_controller/lib/python3.10/site-packages/my_robot_controller/__init__.py
/home/krono/dev/RobotProgramming/Pothole-Reporting-Robot/install/my_robot_controller/lib/python3.10/site-packages/my_robot_controller/controller_utils.py
/home/krono/dev/RobotProgramming/Pothole-Reporting-Robot/install/my_robot_controller/lib/python3.10/site-packages/my_robot_controller/simple_pothole_detector.py
/home/krono/dev/RobotProgramming/Pothole-Reporting-Robot/install/my_robot_controller/lib/python3.10/site-packages/my_robot_controller/pothole_reporter_node.py
/home/krono/dev/RobotProgramming/Pothole-Reporting-Robot/install/my_robot_controller/lib/python3.10/site-packages/my_robot_controller/follow_waypoint.py
/home/krono/dev/RobotProgramming/Pothole-Reporting-Robot/install/my_robot_controller/lib/python3.10/site-packages/my_robot_controller/follow_path.py
/home/krono/dev/RobotProgramming/Pothole-Reporting-Robot/install/my_robot_controller/lib/python3.10/site-packages/my_robot_controller/pothole_positions.py
/home/krono/dev/RobotProgramming/Pothole-Reporting-Robot/install/my_robot_controller/lib/python3.10/site-packages/my_robot_controller/first_node.py
/home/krono/dev/RobotProgramming/Pothole-Reporting-Robot/install/my_robot_controller/lib/python3.10/site-packages/my_robot_controller/__pycache__/__init__.cpython-310.pyc
/home/krono/dev/RobotProgramming/Pothole-Reporting-Robot/install/my_robot_controller/lib/python3.10/site-packages/my_robot_controller/__pycache__/controller_utils.cpython-310.pyc
/home/krono/dev/RobotProgramming/Pothole-Reporting-Robot/install/my_robot_controller/lib/python3.10/site-packages/my_robot_controller/__pycache__/simple_pothole_detector.cpython-310.pyc
/home/krono/dev/RobotProgramming/Pothole-Reporting-Robot/install/my_robot_controller/lib/python3.10/site-packages/my_robot_controller/__pycache__/pothole_reporter_node.cpython-310.pyc
/home/krono/dev/RobotProgramming/Pothole-Reporting-Robot/install/my_robot_controller/lib/python3.10/site-packages/my_robot_controller/__pycache__/follow_waypoint.cpython-310.pyc
/home/krono/dev/RobotProgramming/Pothole-Reporting-Robot/install/my_robot_controller/lib/python3.10/site-packages/my_robot_controller/__pycache__/follow_path.cpython-310.pyc
/home/krono/dev/RobotProgramming/Pothole-Reporting-Robot/install/my_robot_controller/lib/python3.10/site-packages/my_robot_controller/__pycache__/pothole_positions.cpython-310.pyc
/home/krono/dev/RobotProgramming/Pothole-Reporting-Robot/install/my_robot_controller/lib/python3.10/site-packages/my_robot_controller/__pycache__/first_node.cpython-310.pyc
/home/krono/dev/RobotProgramming/Pothole-Reporting-Robot/install/my_robot_controller/share/ament_index/resource_index/packages/my_robot_controller
/home/krono/dev/RobotProgramming/Pothole-Reporting-Robot/install/my_robot_controller/share/my_robot_controller/package.xml
/home/krono/dev/RobotProgramming/Pothole-Reporting-Robot/install/my_robot_controller/lib/python3.10/site-packages/my_robot_controller-0.0.1-py3.10.egg-info/requires.txt
/home/krono/dev/RobotProgramming/Pothole-Reporting-Robot/install/my_robot_controller/lib/python3.10/site-packages/my_robot_controller-0.0.1-py3.10.egg-info/SOURCES.txt
/home/krono/dev/RobotProgramming/Pothole-Reporting-Robot/install/my_robot_controller/lib/python3.10/site-packages/my_robot_controller-0.0.1-py3.10.egg-info/top_level.txt
/home/krono/dev/RobotProgramming/Pothole-Reporting-Robot/install/my_robot_controller/lib/python3.10/site-packages/my_robot_controller-0.0.1-py3.10.egg-info/dependency_links.txt
/home/krono/dev/RobotProgramming/Pothole-Reporting-Robot/install/my_robot_controller/lib/python3.10/site-packages/my_robot_controller-0.0.1-py3.10.egg-info/zip-safe
/home/krono/dev/RobotProgramming/Pothole-Reporting-Robot/install/my_robot_controller/lib/python3.10/site-packages/my_robot_controller-0.0.1-py3.10.egg-info/PKG-INFO
/home/krono/dev/RobotProgramming/Pothole-Reporting-Robot/install/my_robot_controller/lib/python3.10/site-packages/my_robot_controller-0.0.1-py3.10.egg-info/entry_points.txt
/home/krono/dev/RobotProgramming/Pothole-Reporting-Robot/install/my_robot_controller/lib/my_robot_controller/follow_waypoint
/home/krono/dev/RobotProgramming/Pothole-Reporting-Robot/install/my_robot_controller/lib/my_robot_controller/pothole_reporter
/home/krono/dev/RobotProgramming/Pothole-Reporting-Robot/install/my_robot_controller/lib/my_robot_controller/simple_pothole_detector
/home/krono/dev/RobotProgramming/Pothole-Reporting-Robot/install/my_robot_controller/lib/my_robot_controller/test_node
