[0.178s] Invoking command in '/home/krono/dev/RobotProgramming/Pothole-Reporting-Robot/ros2_ws/build/custom_interfaces': CMAKE_PREFIX_PATH=${CMAKE_PREFIX_PATH}:/home/krono/dev/RobotProgramming/Pothole-Reporting-Robot/ros2_ws/install/my_robot_controller:/home/krono/dev/RobotProgramming/limo_ros2/install/voice_control:/home/krono/dev/RobotProgramming/CMP9767_LIMO/install/uol_cmp9767_tutorial:/home/krono/dev/RobotProgramming/CMP9767_LIMO/install/assignment_template:/opt/ros/humble /usr/bin/cmake --build /home/krono/dev/RobotProgramming/Pothole-Reporting-Robot/ros2_ws/build/custom_interfaces -- -j20 -l20
[0.188s] -- Found ament_cmake: 1.3.6 (/opt/ros/humble/share/ament_cmake/cmake)
[0.300s] -- Found geometry_msgs: 4.2.3 (/opt/ros/humble/share/geometry_msgs/cmake)
[0.318s] -- Found rosidl_generator_c: 3.1.5 (/opt/ros/humble/share/rosidl_generator_c/cmake)
[0.320s] -- Found rosidl_adapter: 3.1.5 (/opt/ros/humble/share/rosidl_adapter/cmake)
[0.324s] -- Found rosidl_generator_cpp: 3.1.5 (/opt/ros/humble/share/rosidl_generator_cpp/cmake)
[0.332s] -- Using all available rosidl_typesupport_c: rosidl_typesupport_fastrtps_c;rosidl_typesupport_introspection_c
[0.343s] -- Using all available rosidl_typesupport_cpp: rosidl_typesupport_fastrtps_cpp;rosidl_typesupport_introspection_cpp
[0.429s] -- Found rosidl_default_generators: 1.2.0 (/opt/ros/humble/share/rosidl_default_generators/cmake)
[0.637s] -- Found ament_cmake_ros: 0.10.0 (/opt/ros/humble/share/ament_cmake_ros/cmake)
[0.839s] -- Using all available rosidl_typesupport_c: rosidl_typesupport_fastrtps_c;rosidl_typesupport_introspection_c
[0.915s] -- Using all available rosidl_typesupport_cpp: rosidl_typesupport_fastrtps_cpp;rosidl_typesupport_introspection_cpp
[0.938s] -- Found PythonInterp: /usr/bin/python3 (found suitable version "3.10.12", minimum required is "3.6") 
[0.940s] -- Found python_cmake_module: 0.10.0 (/opt/ros/humble/share/python_cmake_module/cmake)
[0.970s] -- Found PythonLibs: /usr/lib/x86_64-linux-gnu/libpython3.10.so (found suitable version "3.10.12", minimum required is "3.5") 
[0.970s] -- Using PYTHON_EXECUTABLE: /usr/bin/python3
[0.970s] -- Using PYTHON_INCLUDE_DIRS: /usr/include/python3.10
[0.970s] -- Using PYTHON_LIBRARIES: /usr/lib/x86_64-linux-gnu/libpython3.10.so
[0.991s] -- Found PythonExtra: .so  
[1.061s] -- Configuring done
[1.101s] -- Generating done
[1.105s] -- Build files have been written to: /home/krono/dev/RobotProgramming/Pothole-Reporting-Robot/ros2_ws/build/custom_interfaces
[1.122s] [  3%] [34m[1mGenerating C code for ROS interfaces[0m
[1.125s] [  6%] [34m[1mGenerating C++ code for ROS interfaces[0m
[1.129s] [  6%] Built target ament_cmake_python_copy_custom_interfaces
[1.316s] [  6%] Built target custom_interfaces__cpp
[1.321s] [ 12%] [34m[1mGenerating C++ type support dispatch for ROS interfaces[0m
[1.321s] [ 12%] [34m[1mGenerating C++ introspection for ROS interfaces[0m
[1.321s] [ 16%] [34m[1mGenerating C++ type support for eProsima Fast-RTPS[0m
[1.338s] [ 19%] [32mBuilding C object CMakeFiles/custom_interfaces__rosidl_generator_c.dir/rosidl_generator_c/custom_interfaces/msg/detail/pothole_data__functions.c.o[0m
[1.396s] running egg_info
[1.397s] creating custom_interfaces.egg-info
[1.397s] writing custom_interfaces.egg-info/PKG-INFO
[1.397s] writing dependency_links to custom_interfaces.egg-info/dependency_links.txt
[1.397s] writing top-level names to custom_interfaces.egg-info/top_level.txt
[1.397s] writing manifest file 'custom_interfaces.egg-info/SOURCES.txt'
[1.399s] reading manifest file 'custom_interfaces.egg-info/SOURCES.txt'
[1.400s] writing manifest file 'custom_interfaces.egg-info/SOURCES.txt'
[1.405s] [ 22%] [32m[1mLinking C shared library libcustom_interfaces__rosidl_generator_c.so[0m
[1.426s] [ 22%] Built target ament_cmake_python_build_custom_interfaces_egg
[1.429s] [ 22%] Built target custom_interfaces__rosidl_generator_c
[1.433s] [ 29%] [34m[1mGenerating C introspection for ROS interfaces[0m
[1.433s] [ 29%] [34m[1mGenerating C type support for eProsima Fast-RTPS[0m
[1.433s] [ 32%] [34m[1mGenerating C type support dispatch for ROS interfaces[0m
[1.535s] [ 35%] [32mBuilding CXX object CMakeFiles/custom_interfaces__rosidl_typesupport_fastrtps_cpp.dir/rosidl_typesupport_fastrtps_cpp/custom_interfaces/msg/detail/dds_fastrtps/pothole_data__type_support.cpp.o[0m
[1.536s] [ 38%] [32mBuilding CXX object CMakeFiles/custom_interfaces__rosidl_typesupport_cpp.dir/rosidl_typesupport_cpp/custom_interfaces/msg/pothole_data__type_support.cpp.o[0m
[1.567s] [ 41%] [32mBuilding CXX object CMakeFiles/custom_interfaces__rosidl_typesupport_introspection_cpp.dir/rosidl_typesupport_introspection_cpp/custom_interfaces/msg/detail/pothole_data__type_support.cpp.o[0m
[1.650s] [ 45%] [32mBuilding C object CMakeFiles/custom_interfaces__rosidl_typesupport_introspection_c.dir/rosidl_typesupport_introspection_c/custom_interfaces/msg/detail/pothole_data__type_support.c.o[0m
[1.657s] [ 48%] [32mBuilding CXX object CMakeFiles/custom_interfaces__rosidl_typesupport_c.dir/rosidl_typesupport_c/custom_interfaces/msg/pothole_data__type_support.cpp.o[0m
[1.666s] [ 51%] [32mBuilding CXX object CMakeFiles/custom_interfaces__rosidl_typesupport_fastrtps_c.dir/rosidl_typesupport_fastrtps_c/custom_interfaces/msg/detail/pothole_data__type_support_c.cpp.o[0m
[1.676s] [ 54%] [32m[1mLinking C shared library libcustom_interfaces__rosidl_typesupport_introspection_c.so[0m
[1.677s] [ 58%] [32m[1mLinking CXX shared library libcustom_interfaces__rosidl_typesupport_c.so[0m
[1.696s] [ 58%] Built target custom_interfaces__rosidl_typesupport_introspection_c
[1.707s] [ 58%] Built target custom_interfaces__rosidl_typesupport_c
[1.787s] [ 61%] [32m[1mLinking CXX shared library libcustom_interfaces__rosidl_typesupport_cpp.so[0m
[1.815s] [ 61%] Built target custom_interfaces__rosidl_typesupport_cpp
[1.885s] [ 64%] [32m[1mLinking CXX shared library libcustom_interfaces__rosidl_typesupport_introspection_cpp.so[0m
[1.898s] [ 67%] [32m[1mLinking CXX shared library libcustom_interfaces__rosidl_typesupport_fastrtps_cpp.so[0m
[1.939s] [ 67%] Built target custom_interfaces__rosidl_typesupport_introspection_cpp
[1.954s] [ 67%] Built target custom_interfaces__rosidl_typesupport_fastrtps_cpp
[1.968s] [ 70%] [32m[1mLinking CXX shared library libcustom_interfaces__rosidl_typesupport_fastrtps_c.so[0m
[2.011s] [ 70%] Built target custom_interfaces__rosidl_typesupport_fastrtps_c
[2.020s] [ 70%] Built target custom_interfaces
[2.030s] [ 74%] [34m[1mGenerating Python code for ROS interfaces[0m
[2.250s] [ 74%] Built target custom_interfaces__py
[2.259s] [ 77%] [32mBuilding C object CMakeFiles/custom_interfaces__rosidl_generator_py.dir/rosidl_generator_py/custom_interfaces/msg/_pothole_data_s.c.o[0m
[2.350s] [ 80%] [32m[1mLinking C shared library rosidl_generator_py/custom_interfaces/libcustom_interfaces__rosidl_generator_py.so[0m
[2.377s] [ 80%] Built target custom_interfaces__rosidl_generator_py
[2.386s] [ 83%] [32mBuilding C object CMakeFiles/custom_interfaces__rosidl_typesupport_fastrtps_c__pyext.dir/rosidl_generator_py/custom_interfaces/_custom_interfaces_s.ep.rosidl_typesupport_fastrtps_c.c.o[0m
[2.386s] [ 87%] [32mBuilding C object CMakeFiles/custom_interfaces__rosidl_typesupport_c__pyext.dir/rosidl_generator_py/custom_interfaces/_custom_interfaces_s.ep.rosidl_typesupport_c.c.o[0m
[2.386s] [ 90%] [32mBuilding C object CMakeFiles/custom_interfaces__rosidl_typesupport_introspection_c__pyext.dir/rosidl_generator_py/custom_interfaces/_custom_interfaces_s.ep.rosidl_typesupport_introspection_c.c.o[0m
[2.451s] [ 93%] [32m[1mLinking C shared library rosidl_generator_py/custom_interfaces/custom_interfaces_s__rosidl_typesupport_fastrtps_c.cpython-310-x86_64-linux-gnu.so[0m
[2.458s] [ 96%] [32m[1mLinking C shared library rosidl_generator_py/custom_interfaces/custom_interfaces_s__rosidl_typesupport_introspection_c.cpython-310-x86_64-linux-gnu.so[0m
[2.475s] [100%] [32m[1mLinking C shared library rosidl_generator_py/custom_interfaces/custom_interfaces_s__rosidl_typesupport_c.cpython-310-x86_64-linux-gnu.so[0m
[2.481s] [100%] Built target custom_interfaces__rosidl_typesupport_fastrtps_c__pyext
[2.487s] [100%] Built target custom_interfaces__rosidl_typesupport_introspection_c__pyext
[2.501s] [100%] Built target custom_interfaces__rosidl_typesupport_c__pyext
[2.505s] Invoked command in '/home/krono/dev/RobotProgramming/Pothole-Reporting-Robot/ros2_ws/build/custom_interfaces' returned '0': CMAKE_PREFIX_PATH=${CMAKE_PREFIX_PATH}:/home/krono/dev/RobotProgramming/Pothole-Reporting-Robot/ros2_ws/install/my_robot_controller:/home/krono/dev/RobotProgramming/limo_ros2/install/voice_control:/home/krono/dev/RobotProgramming/CMP9767_LIMO/install/uol_cmp9767_tutorial:/home/krono/dev/RobotProgramming/CMP9767_LIMO/install/assignment_template:/opt/ros/humble /usr/bin/cmake --build /home/krono/dev/RobotProgramming/Pothole-Reporting-Robot/ros2_ws/build/custom_interfaces -- -j20 -l20
[2.550s] Invoking command in '/home/krono/dev/RobotProgramming/Pothole-Reporting-Robot/ros2_ws/build/custom_interfaces': CMAKE_PREFIX_PATH=${CMAKE_PREFIX_PATH}:/home/krono/dev/RobotProgramming/Pothole-Reporting-Robot/ros2_ws/install/my_robot_controller:/home/krono/dev/RobotProgramming/limo_ros2/install/voice_control:/home/krono/dev/RobotProgramming/CMP9767_LIMO/install/uol_cmp9767_tutorial:/home/krono/dev/RobotProgramming/CMP9767_LIMO/install/assignment_template:/opt/ros/humble /usr/bin/cmake --install /home/krono/dev/RobotProgramming/Pothole-Reporting-Robot/ros2_ws/build/custom_interfaces
[2.553s] -- Install configuration: ""
[2.553s] -- Installing: /home/krono/dev/RobotProgramming/Pothole-Reporting-Robot/ros2_ws/install/custom_interfaces/share/ament_index/resource_index/rosidl_interfaces/custom_interfaces
[2.553s] -- Installing: /home/krono/dev/RobotProgramming/Pothole-Reporting-Robot/ros2_ws/install/custom_interfaces/include/custom_interfaces/custom_interfaces
[2.554s] -- Installing: /home/krono/dev/RobotProgramming/Pothole-Reporting-Robot/ros2_ws/install/custom_interfaces/include/custom_interfaces/custom_interfaces/msg
[2.554s] -- Installing: /home/krono/dev/RobotProgramming/Pothole-Reporting-Robot/ros2_ws/install/custom_interfaces/include/custom_interfaces/custom_interfaces/msg/rosidl_generator_c__visibility_control.h
[2.554s] -- Installing: /home/krono/dev/RobotProgramming/Pothole-Reporting-Robot/ros2_ws/install/custom_interfaces/include/custom_interfaces/custom_interfaces/msg/pothole_data.h
[2.554s] -- Installing: /home/krono/dev/RobotProgramming/Pothole-Reporting-Robot/ros2_ws/install/custom_interfaces/include/custom_interfaces/custom_interfaces/msg/detail
[2.554s] -- Installing: /home/krono/dev/RobotProgramming/Pothole-Reporting-Robot/ros2_ws/install/custom_interfaces/include/custom_interfaces/custom_interfaces/msg/detail/pothole_data__functions.h
[2.554s] -- Installing: /home/krono/dev/RobotProgramming/Pothole-Reporting-Robot/ros2_ws/install/custom_interfaces/include/custom_interfaces/custom_interfaces/msg/detail/pothole_data__struct.h
[2.554s] -- Installing: /home/krono/dev/RobotProgramming/Pothole-Reporting-Robot/ros2_ws/install/custom_interfaces/include/custom_interfaces/custom_interfaces/msg/detail/pothole_data__functions.c
[2.554s] -- Installing: /home/krono/dev/RobotProgramming/Pothole-Reporting-Robot/ros2_ws/install/custom_interfaces/include/custom_interfaces/custom_interfaces/msg/detail/pothole_data__type_support.h
[2.554s] -- Installing: /home/krono/dev/RobotProgramming/Pothole-Reporting-Robot/ros2_ws/install/custom_interfaces/share/custom_interfaces/environment/library_path.sh
[2.555s] -- Installing: /home/krono/dev/RobotProgramming/Pothole-Reporting-Robot/ros2_ws/install/custom_interfaces/share/custom_interfaces/environment/library_path.dsv
[2.555s] -- Installing: /home/krono/dev/RobotProgramming/Pothole-Reporting-Robot/ros2_ws/install/custom_interfaces/lib/libcustom_interfaces__rosidl_generator_c.so
[2.555s] -- Set runtime path of "/home/krono/dev/RobotProgramming/Pothole-Reporting-Robot/ros2_ws/install/custom_interfaces/lib/libcustom_interfaces__rosidl_generator_c.so" to ""
[2.555s] -- Up-to-date: /home/krono/dev/RobotProgramming/Pothole-Reporting-Robot/ros2_ws/install/custom_interfaces/include/custom_interfaces/custom_interfaces
[2.555s] -- Up-to-date: /home/krono/dev/RobotProgramming/Pothole-Reporting-Robot/ros2_ws/install/custom_interfaces/include/custom_interfaces/custom_interfaces/msg
[2.555s] -- Up-to-date: /home/krono/dev/RobotProgramming/Pothole-Reporting-Robot/ros2_ws/install/custom_interfaces/include/custom_interfaces/custom_interfaces/msg/detail
[2.555s] -- Installing: /home/krono/dev/RobotProgramming/Pothole-Reporting-Robot/ros2_ws/install/custom_interfaces/include/custom_interfaces/custom_interfaces/msg/detail/pothole_data__rosidl_typesupport_fastrtps_c.h
[2.555s] -- Installing: /home/krono/dev/RobotProgramming/Pothole-Reporting-Robot/ros2_ws/install/custom_interfaces/include/custom_interfaces/custom_interfaces/msg/rosidl_typesupport_fastrtps_c__visibility_control.h
[2.555s] -- Installing: /home/krono/dev/RobotProgramming/Pothole-Reporting-Robot/ros2_ws/install/custom_interfaces/lib/libcustom_interfaces__rosidl_typesupport_fastrtps_c.so
[2.556s] -- Set runtime path of "/home/krono/dev/RobotProgramming/Pothole-Reporting-Robot/ros2_ws/install/custom_interfaces/lib/libcustom_interfaces__rosidl_typesupport_fastrtps_c.so" to ""
[2.556s] -- Up-to-date: /home/krono/dev/RobotProgramming/Pothole-Reporting-Robot/ros2_ws/install/custom_interfaces/include/custom_interfaces/custom_interfaces
[2.556s] -- Up-to-date: /home/krono/dev/RobotProgramming/Pothole-Reporting-Robot/ros2_ws/install/custom_interfaces/include/custom_interfaces/custom_interfaces/msg
[2.556s] -- Up-to-date: /home/krono/dev/RobotProgramming/Pothole-Reporting-Robot/ros2_ws/install/custom_interfaces/include/custom_interfaces/custom_interfaces/msg/detail
[2.556s] -- Installing: /home/krono/dev/RobotProgramming/Pothole-Reporting-Robot/ros2_ws/install/custom_interfaces/include/custom_interfaces/custom_interfaces/msg/detail/pothole_data__traits.hpp
[2.556s] -- Installing: /home/krono/dev/RobotProgramming/Pothole-Reporting-Robot/ros2_ws/install/custom_interfaces/include/custom_interfaces/custom_interfaces/msg/detail/pothole_data__builder.hpp
[2.556s] -- Installing: /home/krono/dev/RobotProgramming/Pothole-Reporting-Robot/ros2_ws/install/custom_interfaces/include/custom_interfaces/custom_interfaces/msg/detail/pothole_data__struct.hpp
[2.556s] -- Installing: /home/krono/dev/RobotProgramming/Pothole-Reporting-Robot/ros2_ws/install/custom_interfaces/include/custom_interfaces/custom_interfaces/msg/pothole_data.hpp
[2.556s] -- Up-to-date: /home/krono/dev/RobotProgramming/Pothole-Reporting-Robot/ros2_ws/install/custom_interfaces/include/custom_interfaces/custom_interfaces
[2.556s] -- Up-to-date: /home/krono/dev/RobotProgramming/Pothole-Reporting-Robot/ros2_ws/install/custom_interfaces/include/custom_interfaces/custom_interfaces/msg
[2.556s] -- Up-to-date: /home/krono/dev/RobotProgramming/Pothole-Reporting-Robot/ros2_ws/install/custom_interfaces/include/custom_interfaces/custom_interfaces/msg/detail
[2.556s] -- Installing: /home/krono/dev/RobotProgramming/Pothole-Reporting-Robot/ros2_ws/install/custom_interfaces/include/custom_interfaces/custom_interfaces/msg/detail/dds_fastrtps
[2.557s] -- Installing: /home/krono/dev/RobotProgramming/Pothole-Reporting-Robot/ros2_ws/install/custom_interfaces/include/custom_interfaces/custom_interfaces/msg/detail/pothole_data__rosidl_typesupport_fastrtps_cpp.hpp
[2.557s] -- Installing: /home/krono/dev/RobotProgramming/Pothole-Reporting-Robot/ros2_ws/install/custom_interfaces/include/custom_interfaces/custom_interfaces/msg/rosidl_typesupport_fastrtps_cpp__visibility_control.h
[2.557s] -- Installing: /home/krono/dev/RobotProgramming/Pothole-Reporting-Robot/ros2_ws/install/custom_interfaces/lib/libcustom_interfaces__rosidl_typesupport_fastrtps_cpp.so
[2.557s] -- Set runtime path of "/home/krono/dev/RobotProgramming/Pothole-Reporting-Robot/ros2_ws/install/custom_interfaces/lib/libcustom_interfaces__rosidl_typesupport_fastrtps_cpp.so" to ""
[2.557s] -- Up-to-date: /home/krono/dev/RobotProgramming/Pothole-Reporting-Robot/ros2_ws/install/custom_interfaces/include/custom_interfaces/custom_interfaces
[2.557s] -- Up-to-date: /home/krono/dev/RobotProgramming/Pothole-Reporting-Robot/ros2_ws/install/custom_interfaces/include/custom_interfaces/custom_interfaces/msg
[2.557s] -- Up-to-date: /home/krono/dev/RobotProgramming/Pothole-Reporting-Robot/ros2_ws/install/custom_interfaces/include/custom_interfaces/custom_interfaces/msg/detail
[2.557s] -- Installing: /home/krono/dev/RobotProgramming/Pothole-Reporting-Robot/ros2_ws/install/custom_interfaces/include/custom_interfaces/custom_interfaces/msg/detail/pothole_data__rosidl_typesupport_introspection_c.h
[2.557s] -- Installing: /home/krono/dev/RobotProgramming/Pothole-Reporting-Robot/ros2_ws/install/custom_interfaces/include/custom_interfaces/custom_interfaces/msg/detail/pothole_data__type_support.c
[2.557s] -- Installing: /home/krono/dev/RobotProgramming/Pothole-Reporting-Robot/ros2_ws/install/custom_interfaces/include/custom_interfaces/custom_interfaces/msg/rosidl_typesupport_introspection_c__visibility_control.h
[2.557s] -- Installing: /home/krono/dev/RobotProgramming/Pothole-Reporting-Robot/ros2_ws/install/custom_interfaces/lib/libcustom_interfaces__rosidl_typesupport_introspection_c.so
[2.558s] -- Set runtime path of "/home/krono/dev/RobotProgramming/Pothole-Reporting-Robot/ros2_ws/install/custom_interfaces/lib/libcustom_interfaces__rosidl_typesupport_introspection_c.so" to ""
[2.558s] -- Installing: /home/krono/dev/RobotProgramming/Pothole-Reporting-Robot/ros2_ws/install/custom_interfaces/lib/libcustom_interfaces__rosidl_typesupport_c.so
[2.558s] -- Set runtime path of "/home/krono/dev/RobotProgramming/Pothole-Reporting-Robot/ros2_ws/install/custom_interfaces/lib/libcustom_interfaces__rosidl_typesupport_c.so" to ""
[2.558s] -- Up-to-date: /home/krono/dev/RobotProgramming/Pothole-Reporting-Robot/ros2_ws/install/custom_interfaces/include/custom_interfaces/custom_interfaces
[2.558s] -- Up-to-date: /home/krono/dev/RobotProgramming/Pothole-Reporting-Robot/ros2_ws/install/custom_interfaces/include/custom_interfaces/custom_interfaces/msg
[2.558s] -- Up-to-date: /home/krono/dev/RobotProgramming/Pothole-Reporting-Robot/ros2_ws/install/custom_interfaces/include/custom_interfaces/custom_interfaces/msg/detail
[2.559s] -- Installing: /home/krono/dev/RobotProgramming/Pothole-Reporting-Robot/ros2_ws/install/custom_interfaces/include/custom_interfaces/custom_interfaces/msg/detail/pothole_data__type_support.cpp
[2.559s] -- Installing: /home/krono/dev/RobotProgramming/Pothole-Reporting-Robot/ros2_ws/install/custom_interfaces/include/custom_interfaces/custom_interfaces/msg/detail/pothole_data__rosidl_typesupport_introspection_cpp.hpp
[2.559s] -- Installing: /home/krono/dev/RobotProgramming/Pothole-Reporting-Robot/ros2_ws/install/custom_interfaces/lib/libcustom_interfaces__rosidl_typesupport_introspection_cpp.so
[2.559s] -- Set runtime path of "/home/krono/dev/RobotProgramming/Pothole-Reporting-Robot/ros2_ws/install/custom_interfaces/lib/libcustom_interfaces__rosidl_typesupport_introspection_cpp.so" to ""
[2.559s] -- Installing: /home/krono/dev/RobotProgramming/Pothole-Reporting-Robot/ros2_ws/install/custom_interfaces/lib/libcustom_interfaces__rosidl_typesupport_cpp.so
[2.559s] -- Set runtime path of "/home/krono/dev/RobotProgramming/Pothole-Reporting-Robot/ros2_ws/install/custom_interfaces/lib/libcustom_interfaces__rosidl_typesupport_cpp.so" to ""
[2.559s] -- Installing: /home/krono/dev/RobotProgramming/Pothole-Reporting-Robot/ros2_ws/install/custom_interfaces/share/custom_interfaces/environment/pythonpath.sh
[2.559s] -- Installing: /home/krono/dev/RobotProgramming/Pothole-Reporting-Robot/ros2_ws/install/custom_interfaces/share/custom_interfaces/environment/pythonpath.dsv
[2.559s] -- Installing: /home/krono/dev/RobotProgramming/Pothole-Reporting-Robot/ros2_ws/install/custom_interfaces/local/lib/python3.10/dist-packages/custom_interfaces-0.0.0-py3.10.egg-info
[2.559s] -- Installing: /home/krono/dev/RobotProgramming/Pothole-Reporting-Robot/ros2_ws/install/custom_interfaces/local/lib/python3.10/dist-packages/custom_interfaces-0.0.0-py3.10.egg-info/SOURCES.txt
[2.560s] -- Installing: /home/krono/dev/RobotProgramming/Pothole-Reporting-Robot/ros2_ws/install/custom_interfaces/local/lib/python3.10/dist-packages/custom_interfaces-0.0.0-py3.10.egg-info/top_level.txt
[2.560s] -- Installing: /home/krono/dev/RobotProgramming/Pothole-Reporting-Robot/ros2_ws/install/custom_interfaces/local/lib/python3.10/dist-packages/custom_interfaces-0.0.0-py3.10.egg-info/dependency_links.txt
[2.560s] -- Installing: /home/krono/dev/RobotProgramming/Pothole-Reporting-Robot/ros2_ws/install/custom_interfaces/local/lib/python3.10/dist-packages/custom_interfaces-0.0.0-py3.10.egg-info/PKG-INFO
[2.560s] -- Installing: /home/krono/dev/RobotProgramming/Pothole-Reporting-Robot/ros2_ws/install/custom_interfaces/local/lib/python3.10/dist-packages/custom_interfaces
[2.560s] -- Installing: /home/krono/dev/RobotProgramming/Pothole-Reporting-Robot/ros2_ws/install/custom_interfaces/local/lib/python3.10/dist-packages/custom_interfaces/__init__.py
[2.560s] -- Installing: /home/krono/dev/RobotProgramming/Pothole-Reporting-Robot/ros2_ws/install/custom_interfaces/local/lib/python3.10/dist-packages/custom_interfaces/custom_interfaces_s__rosidl_typesupport_fastrtps_c.cpython-310-x86_64-linux-gnu.so
[2.560s] -- Installing: /home/krono/dev/RobotProgramming/Pothole-Reporting-Robot/ros2_ws/install/custom_interfaces/local/lib/python3.10/dist-packages/custom_interfaces/custom_interfaces_s__rosidl_typesupport_c.cpython-310-x86_64-linux-gnu.so
[2.560s] -- Installing: /home/krono/dev/RobotProgramming/Pothole-Reporting-Robot/ros2_ws/install/custom_interfaces/local/lib/python3.10/dist-packages/custom_interfaces/msg
[2.560s] -- Installing: /home/krono/dev/RobotProgramming/Pothole-Reporting-Robot/ros2_ws/install/custom_interfaces/local/lib/python3.10/dist-packages/custom_interfaces/msg/__init__.py
[2.560s] -- Installing: /home/krono/dev/RobotProgramming/Pothole-Reporting-Robot/ros2_ws/install/custom_interfaces/local/lib/python3.10/dist-packages/custom_interfaces/msg/_pothole_data_s.c
[2.560s] -- Installing: /home/krono/dev/RobotProgramming/Pothole-Reporting-Robot/ros2_ws/install/custom_interfaces/local/lib/python3.10/dist-packages/custom_interfaces/msg/_pothole_data.py
[2.561s] -- Installing: /home/krono/dev/RobotProgramming/Pothole-Reporting-Robot/ros2_ws/install/custom_interfaces/local/lib/python3.10/dist-packages/custom_interfaces/_custom_interfaces_s.ep.rosidl_typesupport_c.c
[2.561s] -- Installing: /home/krono/dev/RobotProgramming/Pothole-Reporting-Robot/ros2_ws/install/custom_interfaces/local/lib/python3.10/dist-packages/custom_interfaces/custom_interfaces_s__rosidl_typesupport_introspection_c.cpython-310-x86_64-linux-gnu.so
[2.561s] -- Installing: /home/krono/dev/RobotProgramming/Pothole-Reporting-Robot/ros2_ws/install/custom_interfaces/local/lib/python3.10/dist-packages/custom_interfaces/_custom_interfaces_s.ep.rosidl_typesupport_fastrtps_c.c
[2.561s] -- Installing: /home/krono/dev/RobotProgramming/Pothole-Reporting-Robot/ros2_ws/install/custom_interfaces/local/lib/python3.10/dist-packages/custom_interfaces/libcustom_interfaces__rosidl_generator_py.so
[2.561s] -- Installing: /home/krono/dev/RobotProgramming/Pothole-Reporting-Robot/ros2_ws/install/custom_interfaces/local/lib/python3.10/dist-packages/custom_interfaces/_custom_interfaces_s.ep.rosidl_typesupport_introspection_c.c
[2.597s] Listing '/home/krono/dev/RobotProgramming/Pothole-Reporting-Robot/ros2_ws/install/custom_interfaces/local/lib/python3.10/dist-packages/custom_interfaces'...
[2.598s] Compiling '/home/krono/dev/RobotProgramming/Pothole-Reporting-Robot/ros2_ws/install/custom_interfaces/local/lib/python3.10/dist-packages/custom_interfaces/__init__.py'...
[2.598s] Listing '/home/krono/dev/RobotProgramming/Pothole-Reporting-Robot/ros2_ws/install/custom_interfaces/local/lib/python3.10/dist-packages/custom_interfaces/msg'...
[2.598s] Compiling '/home/krono/dev/RobotProgramming/Pothole-Reporting-Robot/ros2_ws/install/custom_interfaces/local/lib/python3.10/dist-packages/custom_interfaces/msg/__init__.py'...
[2.598s] Compiling '/home/krono/dev/RobotProgramming/Pothole-Reporting-Robot/ros2_ws/install/custom_interfaces/local/lib/python3.10/dist-packages/custom_interfaces/msg/_pothole_data.py'...
[2.602s] -- Installing: /home/krono/dev/RobotProgramming/Pothole-Reporting-Robot/ros2_ws/install/custom_interfaces/local/lib/python3.10/dist-packages/custom_interfaces/custom_interfaces_s__rosidl_typesupport_fastrtps_c.cpython-310-x86_64-linux-gnu.so
[2.602s] -- Set runtime path of "/home/krono/dev/RobotProgramming/Pothole-Reporting-Robot/ros2_ws/install/custom_interfaces/local/lib/python3.10/dist-packages/custom_interfaces/custom_interfaces_s__rosidl_typesupport_fastrtps_c.cpython-310-x86_64-linux-gnu.so" to ""
[2.602s] -- Installing: /home/krono/dev/RobotProgramming/Pothole-Reporting-Robot/ros2_ws/install/custom_interfaces/local/lib/python3.10/dist-packages/custom_interfaces/custom_interfaces_s__rosidl_typesupport_introspection_c.cpython-310-x86_64-linux-gnu.so
[2.602s] -- Set runtime path of "/home/krono/dev/RobotProgramming/Pothole-Reporting-Robot/ros2_ws/install/custom_interfaces/local/lib/python3.10/dist-packages/custom_interfaces/custom_interfaces_s__rosidl_typesupport_introspection_c.cpython-310-x86_64-linux-gnu.so" to ""
[2.602s] -- Installing: /home/krono/dev/RobotProgramming/Pothole-Reporting-Robot/ros2_ws/install/custom_interfaces/local/lib/python3.10/dist-packages/custom_interfaces/custom_interfaces_s__rosidl_typesupport_c.cpython-310-x86_64-linux-gnu.so
[2.602s] -- Set runtime path of "/home/krono/dev/RobotProgramming/Pothole-Reporting-Robot/ros2_ws/install/custom_interfaces/local/lib/python3.10/dist-packages/custom_interfaces/custom_interfaces_s__rosidl_typesupport_c.cpython-310-x86_64-linux-gnu.so" to ""
[2.602s] -- Installing: /home/krono/dev/RobotProgramming/Pothole-Reporting-Robot/ros2_ws/install/custom_interfaces/lib/libcustom_interfaces__rosidl_generator_py.so
[2.603s] -- Set runtime path of "/home/krono/dev/RobotProgramming/Pothole-Reporting-Robot/ros2_ws/install/custom_interfaces/lib/libcustom_interfaces__rosidl_generator_py.so" to ""
[2.603s] -- Installing: /home/krono/dev/RobotProgramming/Pothole-Reporting-Robot/ros2_ws/install/custom_interfaces/share/custom_interfaces/msg/PotholeData.idl
[2.603s] -- Installing: /home/krono/dev/RobotProgramming/Pothole-Reporting-Robot/ros2_ws/install/custom_interfaces/share/custom_interfaces/msg/PotholeData.msg
[2.603s] -- Installing: /home/krono/dev/RobotProgramming/Pothole-Reporting-Robot/ros2_ws/install/custom_interfaces/share/ament_index/resource_index/package_run_dependencies/custom_interfaces
[2.603s] -- Installing: /home/krono/dev/RobotProgramming/Pothole-Reporting-Robot/ros2_ws/install/custom_interfaces/share/ament_index/resource_index/parent_prefix_path/custom_interfaces
[2.603s] -- Up-to-date: /home/krono/dev/RobotProgramming/Pothole-Reporting-Robot/ros2_ws/install/custom_interfaces/share/custom_interfaces/environment/ament_prefix_path.sh
[2.603s] -- Installing: /home/krono/dev/RobotProgramming/Pothole-Reporting-Robot/ros2_ws/install/custom_interfaces/share/custom_interfaces/environment/ament_prefix_path.dsv
[2.603s] -- Up-to-date: /home/krono/dev/RobotProgramming/Pothole-Reporting-Robot/ros2_ws/install/custom_interfaces/share/custom_interfaces/environment/path.sh
[2.603s] -- Installing: /home/krono/dev/RobotProgramming/Pothole-Reporting-Robot/ros2_ws/install/custom_interfaces/share/custom_interfaces/environment/path.dsv
[2.604s] -- Up-to-date: /home/krono/dev/RobotProgramming/Pothole-Reporting-Robot/ros2_ws/install/custom_interfaces/share/custom_interfaces/local_setup.bash
[2.604s] -- Installing: /home/krono/dev/RobotProgramming/Pothole-Reporting-Robot/ros2_ws/install/custom_interfaces/share/custom_interfaces/local_setup.sh
[2.604s] -- Up-to-date: /home/krono/dev/RobotProgramming/Pothole-Reporting-Robot/ros2_ws/install/custom_interfaces/share/custom_interfaces/local_setup.zsh
[2.604s] -- Installing: /home/krono/dev/RobotProgramming/Pothole-Reporting-Robot/ros2_ws/install/custom_interfaces/share/custom_interfaces/local_setup.dsv
[2.604s] -- Installing: /home/krono/dev/RobotProgramming/Pothole-Reporting-Robot/ros2_ws/install/custom_interfaces/share/custom_interfaces/package.dsv
[2.604s] -- Up-to-date: /home/krono/dev/RobotProgramming/Pothole-Reporting-Robot/ros2_ws/install/custom_interfaces/share/ament_index/resource_index/packages/custom_interfaces
[2.604s] -- Installing: /home/krono/dev/RobotProgramming/Pothole-Reporting-Robot/ros2_ws/install/custom_interfaces/share/custom_interfaces/cmake/export_custom_interfaces__rosidl_generator_cExport.cmake
[2.604s] -- Installing: /home/krono/dev/RobotProgramming/Pothole-Reporting-Robot/ros2_ws/install/custom_interfaces/share/custom_interfaces/cmake/export_custom_interfaces__rosidl_generator_cExport-noconfig.cmake
[2.604s] -- Installing: /home/krono/dev/RobotProgramming/Pothole-Reporting-Robot/ros2_ws/install/custom_interfaces/share/custom_interfaces/cmake/export_custom_interfaces__rosidl_typesupport_fastrtps_cExport.cmake
[2.604s] -- Installing: /home/krono/dev/RobotProgramming/Pothole-Reporting-Robot/ros2_ws/install/custom_interfaces/share/custom_interfaces/cmake/export_custom_interfaces__rosidl_typesupport_fastrtps_cExport-noconfig.cmake
[2.604s] -- Installing: /home/krono/dev/RobotProgramming/Pothole-Reporting-Robot/ros2_ws/install/custom_interfaces/share/custom_interfaces/cmake/export_custom_interfaces__rosidl_generator_cppExport.cmake
[2.604s] -- Installing: /home/krono/dev/RobotProgramming/Pothole-Reporting-Robot/ros2_ws/install/custom_interfaces/share/custom_interfaces/cmake/export_custom_interfaces__rosidl_typesupport_fastrtps_cppExport.cmake
[2.604s] -- Installing: /home/krono/dev/RobotProgramming/Pothole-Reporting-Robot/ros2_ws/install/custom_interfaces/share/custom_interfaces/cmake/export_custom_interfaces__rosidl_typesupport_fastrtps_cppExport-noconfig.cmake
[2.604s] -- Installing: /home/krono/dev/RobotProgramming/Pothole-Reporting-Robot/ros2_ws/install/custom_interfaces/share/custom_interfaces/cmake/custom_interfaces__rosidl_typesupport_introspection_cExport.cmake
[2.604s] -- Installing: /home/krono/dev/RobotProgramming/Pothole-Reporting-Robot/ros2_ws/install/custom_interfaces/share/custom_interfaces/cmake/custom_interfaces__rosidl_typesupport_introspection_cExport-noconfig.cmake
[2.604s] -- Installing: /home/krono/dev/RobotProgramming/Pothole-Reporting-Robot/ros2_ws/install/custom_interfaces/share/custom_interfaces/cmake/custom_interfaces__rosidl_typesupport_cExport.cmake
[2.604s] -- Installing: /home/krono/dev/RobotProgramming/Pothole-Reporting-Robot/ros2_ws/install/custom_interfaces/share/custom_interfaces/cmake/custom_interfaces__rosidl_typesupport_cExport-noconfig.cmake
[2.604s] -- Installing: /home/krono/dev/RobotProgramming/Pothole-Reporting-Robot/ros2_ws/install/custom_interfaces/share/custom_interfaces/cmake/custom_interfaces__rosidl_typesupport_introspection_cppExport.cmake
[2.604s] -- Installing: /home/krono/dev/RobotProgramming/Pothole-Reporting-Robot/ros2_ws/install/custom_interfaces/share/custom_interfaces/cmake/custom_interfaces__rosidl_typesupport_introspection_cppExport-noconfig.cmake
[2.604s] -- Installing: /home/krono/dev/RobotProgramming/Pothole-Reporting-Robot/ros2_ws/install/custom_interfaces/share/custom_interfaces/cmake/custom_interfaces__rosidl_typesupport_cppExport.cmake
[2.604s] -- Installing: /home/krono/dev/RobotProgramming/Pothole-Reporting-Robot/ros2_ws/install/custom_interfaces/share/custom_interfaces/cmake/custom_interfaces__rosidl_typesupport_cppExport-noconfig.cmake
[2.604s] -- Installing: /home/krono/dev/RobotProgramming/Pothole-Reporting-Robot/ros2_ws/install/custom_interfaces/share/custom_interfaces/cmake/export_custom_interfaces__rosidl_generator_pyExport.cmake
[2.604s] -- Installing: /home/krono/dev/RobotProgramming/Pothole-Reporting-Robot/ros2_ws/install/custom_interfaces/share/custom_interfaces/cmake/export_custom_interfaces__rosidl_generator_pyExport-noconfig.cmake
[2.605s] -- Installing: /home/krono/dev/RobotProgramming/Pothole-Reporting-Robot/ros2_ws/install/custom_interfaces/share/custom_interfaces/cmake/rosidl_cmake-extras.cmake
[2.605s] -- Installing: /home/krono/dev/RobotProgramming/Pothole-Reporting-Robot/ros2_ws/install/custom_interfaces/share/custom_interfaces/cmake/ament_cmake_export_dependencies-extras.cmake
[2.605s] -- Installing: /home/krono/dev/RobotProgramming/Pothole-Reporting-Robot/ros2_ws/install/custom_interfaces/share/custom_interfaces/cmake/ament_cmake_export_include_directories-extras.cmake
[2.605s] -- Installing: /home/krono/dev/RobotProgramming/Pothole-Reporting-Robot/ros2_ws/install/custom_interfaces/share/custom_interfaces/cmake/ament_cmake_export_libraries-extras.cmake
[2.605s] -- Installing: /home/krono/dev/RobotProgramming/Pothole-Reporting-Robot/ros2_ws/install/custom_interfaces/share/custom_interfaces/cmake/ament_cmake_export_targets-extras.cmake
[2.605s] -- Installing: /home/krono/dev/RobotProgramming/Pothole-Reporting-Robot/ros2_ws/install/custom_interfaces/share/custom_interfaces/cmake/rosidl_cmake_export_typesupport_targets-extras.cmake
[2.605s] -- Installing: /home/krono/dev/RobotProgramming/Pothole-Reporting-Robot/ros2_ws/install/custom_interfaces/share/custom_interfaces/cmake/rosidl_cmake_export_typesupport_libraries-extras.cmake
[2.605s] -- Installing: /home/krono/dev/RobotProgramming/Pothole-Reporting-Robot/ros2_ws/install/custom_interfaces/share/custom_interfaces/cmake/custom_interfacesConfig.cmake
[2.605s] -- Up-to-date: /home/krono/dev/RobotProgramming/Pothole-Reporting-Robot/ros2_ws/install/custom_interfaces/share/custom_interfaces/cmake/custom_interfacesConfig-version.cmake
[2.605s] -- Installing: /home/krono/dev/RobotProgramming/Pothole-Reporting-Robot/ros2_ws/install/custom_interfaces/share/custom_interfaces/package.xml
[2.606s] Invoked command in '/home/krono/dev/RobotProgramming/Pothole-Reporting-Robot/ros2_ws/build/custom_interfaces' returned '0': CMAKE_PREFIX_PATH=${CMAKE_PREFIX_PATH}:/home/krono/dev/RobotProgramming/Pothole-Reporting-Robot/ros2_ws/install/my_robot_controller:/home/krono/dev/RobotProgramming/limo_ros2/install/voice_control:/home/krono/dev/RobotProgramming/CMP9767_LIMO/install/uol_cmp9767_tutorial:/home/krono/dev/RobotProgramming/CMP9767_LIMO/install/assignment_template:/opt/ros/humble /usr/bin/cmake --install /home/krono/dev/RobotProgramming/Pothole-Reporting-Robot/ros2_ws/build/custom_interfaces
