[0.925s] Invoking command in '/home/krono/dev/RobotProgramming/Pothole-Reporting-Robot/ros2_ws/build/my_robot_controller': PYTHONPATH=/home/krono/dev/RobotProgramming/Pothole-Reporting-Robot/ros2_ws/build/my_robot_controller/prefix_override:/home/krono/dev/RobotProgramming/Pothole-Reporting-Robot/ros2_ws/install/my_robot_controller/lib/python3.10/site-packages:${PYTHONPATH} /usr/bin/python3 setup.py develop --uninstall --editable --build-directory /home/krono/dev/RobotProgramming/Pothole-Reporting-Robot/ros2_ws/build/my_robot_controller/build
[1.241s] running develop
[1.463s] Removing /home/krono/dev/RobotProgramming/Pothole-Reporting-Robot/ros2_ws/install/my_robot_controller/lib/python3.10/site-packages/my-robot-controller.egg-link (link to .)
[1.490s] Invoked command in '/home/krono/dev/RobotProgramming/Pothole-Reporting-Robot/ros2_ws/build/my_robot_controller' returned '0': PYTHONPATH=/home/krono/dev/RobotProgramming/Pothole-Reporting-Robot/ros2_ws/build/my_robot_controller/prefix_override:/home/krono/dev/RobotProgramming/Pothole-Reporting-Robot/ros2_ws/install/my_robot_controller/lib/python3.10/site-packages:${PYTHONPATH} /usr/bin/python3 setup.py develop --uninstall --editable --build-directory /home/krono/dev/RobotProgramming/Pothole-Reporting-Robot/ros2_ws/build/my_robot_controller/build
[1.491s] Invoking command in '/home/krono/dev/RobotProgramming/Pothole-Reporting-Robot/ros2_ws/src/my_robot_controller': PYTHONPATH=/home/krono/dev/RobotProgramming/Pothole-Reporting-Robot/ros2_ws/build/my_robot_controller/prefix_override:/home/krono/dev/RobotProgramming/Pothole-Reporting-Robot/ros2_ws/install/my_robot_controller/lib/python3.10/site-packages:${PYTHONPATH} /usr/bin/python3 setup.py egg_info --egg-base ../../build/my_robot_controller build --build-base /home/krono/dev/RobotProgramming/Pothole-Reporting-Robot/ros2_ws/build/my_robot_controller/build install --record /home/krono/dev/RobotProgramming/Pothole-Reporting-Robot/ros2_ws/build/my_robot_controller/install.log --single-version-externally-managed
[1.776s] running egg_info
[1.776s] writing ../../build/my_robot_controller/my_robot_controller.egg-info/PKG-INFO
[1.776s] writing dependency_links to ../../build/my_robot_controller/my_robot_controller.egg-info/dependency_links.txt
[1.777s] writing entry points to ../../build/my_robot_controller/my_robot_controller.egg-info/entry_points.txt
[1.777s] writing requirements to ../../build/my_robot_controller/my_robot_controller.egg-info/requires.txt
[1.777s] writing top-level names to ../../build/my_robot_controller/my_robot_controller.egg-info/top_level.txt
[1.779s] reading manifest file '../../build/my_robot_controller/my_robot_controller.egg-info/SOURCES.txt'
[1.780s] writing manifest file '../../build/my_robot_controller/my_robot_controller.egg-info/SOURCES.txt'
[1.780s] running build
[1.780s] running build_py
[1.780s] copying my_robot_controller/simple_pothole_detector.py -> /home/krono/dev/RobotProgramming/Pothole-Reporting-Robot/ros2_ws/build/my_robot_controller/build/lib/my_robot_controller
[1.780s] running install
[1.780s] running install_lib
[1.781s] creating /home/krono/dev/RobotProgramming/Pothole-Reporting-Robot/ros2_ws/install/my_robot_controller/lib/python3.10/site-packages/my_robot_controller
[1.781s] copying /home/krono/dev/RobotProgramming/Pothole-Reporting-Robot/ros2_ws/build/my_robot_controller/build/lib/my_robot_controller/__init__.py -> /home/krono/dev/RobotProgramming/Pothole-Reporting-Robot/ros2_ws/install/my_robot_controller/lib/python3.10/site-packages/my_robot_controller
[1.781s] copying /home/krono/dev/RobotProgramming/Pothole-Reporting-Robot/ros2_ws/build/my_robot_controller/build/lib/my_robot_controller/simple_pothole_detector.py -> /home/krono/dev/RobotProgramming/Pothole-Reporting-Robot/ros2_ws/install/my_robot_controller/lib/python3.10/site-packages/my_robot_controller
[1.781s] copying /home/krono/dev/RobotProgramming/Pothole-Reporting-Robot/ros2_ws/build/my_robot_controller/build/lib/my_robot_controller/first_node.py -> /home/krono/dev/RobotProgramming/Pothole-Reporting-Robot/ros2_ws/install/my_robot_controller/lib/python3.10/site-packages/my_robot_controller
[1.782s] byte-compiling /home/krono/dev/RobotProgramming/Pothole-Reporting-Robot/ros2_ws/install/my_robot_controller/lib/python3.10/site-packages/my_robot_controller/__init__.py to __init__.cpython-310.pyc
[1.782s] byte-compiling /home/krono/dev/RobotProgramming/Pothole-Reporting-Robot/ros2_ws/install/my_robot_controller/lib/python3.10/site-packages/my_robot_controller/simple_pothole_detector.py to simple_pothole_detector.cpython-310.pyc
[1.783s] byte-compiling /home/krono/dev/RobotProgramming/Pothole-Reporting-Robot/ros2_ws/install/my_robot_controller/lib/python3.10/site-packages/my_robot_controller/first_node.py to first_node.cpython-310.pyc
[1.784s] running install_data
[1.784s] running install_egg_info
[1.786s] Copying ../../build/my_robot_controller/my_robot_controller.egg-info to /home/krono/dev/RobotProgramming/Pothole-Reporting-Robot/ros2_ws/install/my_robot_controller/lib/python3.10/site-packages/my_robot_controller-0.0.1-py3.10.egg-info
[1.787s] running install_scripts
[1.806s] Installing simple_pothole_detector script to /home/krono/dev/RobotProgramming/Pothole-Reporting-Robot/ros2_ws/install/my_robot_controller/lib/my_robot_controller
[1.806s] Installing test_node script to /home/krono/dev/RobotProgramming/Pothole-Reporting-Robot/ros2_ws/install/my_robot_controller/lib/my_robot_controller
[1.807s] writing list of installed files to '/home/krono/dev/RobotProgramming/Pothole-Reporting-Robot/ros2_ws/build/my_robot_controller/install.log'
[1.829s] Invoked command in '/home/krono/dev/RobotProgramming/Pothole-Reporting-Robot/ros2_ws/src/my_robot_controller' returned '0': PYTHONPATH=/home/krono/dev/RobotProgramming/Pothole-Reporting-Robot/ros2_ws/build/my_robot_controller/prefix_override:/home/krono/dev/RobotProgramming/Pothole-Reporting-Robot/ros2_ws/install/my_robot_controller/lib/python3.10/site-packages:${PYTHONPATH} /usr/bin/python3 setup.py egg_info --egg-base ../../build/my_robot_controller build --build-base /home/krono/dev/RobotProgramming/Pothole-Reporting-Robot/ros2_ws/build/my_robot_controller/build install --record /home/krono/dev/RobotProgramming/Pothole-Reporting-Robot/ros2_ws/build/my_robot_controller/install.log --single-version-externally-managed
