[0.894s] DEBUG:colcon:Command line arguments: ['/usr/bin/colcon', 'build']
[0.894s] DEBUG:colcon:Parsed command line arguments: Namespace(log_base=None, log_level=None, verb_name='build', build_base='build', install_base='install', merge_install=False, symlink_install=False, test_result_base=None, continue_on_error=False, executor='parallel', parallel_workers=20, event_handlers=None, ignore_user_meta=False, metas=['./colcon.meta'], base_paths=['.'], packages_ignore=None, packages_ignore_regex=None, paths=None, packages_up_to=None, packages_up_to_regex=None, packages_above=None, packages_above_and_dependencies=None, packages_above_depth=None, packages_select_by_dep=None, packages_skip_by_dep=None, packages_skip_up_to=None, packages_select_build_failed=False, packages_skip_build_finished=False, packages_select_test_failures=False, packages_skip_test_passed=False, packages_select=None, packages_skip=None, packages_select_regex=None, packages_skip_regex=None, packages_start=None, packages_end=None, cmake_args=None, cmake_target=None, cmake_target_skip_unavailable=False, cmake_clean_cache=False, cmake_clean_first=False, cmake_force_configure=False, ament_cmake_args=None, catkin_cmake_args=None, catkin_skip_building_tests=False, verb_parser=<colcon_defaults.argument_parser.defaults.DefaultArgumentsDecorator object at 0x79e17769a440>, verb_extension=<colcon_core.verb.build.BuildVerb object at 0x79e17769bc10>, main=<bound method BuildVerb.main of <colcon_core.verb.build.BuildVerb object at 0x79e17769bc10>>)
[0.925s] Level 1:colcon.colcon_core.package_discovery:discover_packages(colcon_meta) check parameters
[0.925s] Level 1:colcon.colcon_core.package_discovery:discover_packages(recursive) check parameters
[0.925s] Level 1:colcon.colcon_core.package_discovery:discover_packages(ignore) check parameters
[0.925s] Level 1:colcon.colcon_core.package_discovery:discover_packages(path) check parameters
[0.925s] Level 1:colcon.colcon_core.package_discovery:discover_packages(colcon_meta) discover
[0.925s] Level 1:colcon.colcon_core.package_discovery:discover_packages(recursive) discover
[0.925s] INFO:colcon.colcon_core.package_discovery:Crawling recursively for packages in '/home/krono/dev/RobotProgramming/Pothole-Reporting-Robot/ros2_ws'
[0.925s] Level 1:colcon.colcon_core.package_identification:_identify(.) by extensions ['ignore', 'ignore_ament_install']
[0.925s] Level 1:colcon.colcon_core.package_identification:_identify(.) by extension 'ignore'
[0.925s] Level 1:colcon.colcon_core.package_identification:_identify(.) by extension 'ignore_ament_install'
[0.925s] Level 1:colcon.colcon_core.package_identification:_identify(.) by extensions ['colcon_pkg']
[0.925s] Level 1:colcon.colcon_core.package_identification:_identify(.) by extension 'colcon_pkg'
[0.925s] Level 1:colcon.colcon_core.package_identification:_identify(.) by extensions ['colcon_meta']
[0.925s] Level 1:colcon.colcon_core.package_identification:_identify(.) by extension 'colcon_meta'
[0.925s] Level 1:colcon.colcon_core.package_identification:_identify(.) by extensions ['ros']
[0.925s] Level 1:colcon.colcon_core.package_identification:_identify(.) by extension 'ros'
[0.933s] Level 1:colcon.colcon_core.package_identification:_identify(.) by extensions ['cmake', 'python']
[0.933s] Level 1:colcon.colcon_core.package_identification:_identify(.) by extension 'cmake'
[0.933s] Level 1:colcon.colcon_core.package_identification:_identify(.) by extension 'python'
[0.933s] Level 1:colcon.colcon_core.package_identification:_identify(.) by extensions ['python_setup_py']
[0.933s] Level 1:colcon.colcon_core.package_identification:_identify(.) by extension 'python_setup_py'
[0.933s] Level 1:colcon.colcon_core.package_identification:_identify(build) by extensions ['ignore', 'ignore_ament_install']
[0.933s] Level 1:colcon.colcon_core.package_identification:_identify(build) by extension 'ignore'
[0.933s] Level 1:colcon.colcon_core.package_identification:_identify(build) ignored
[0.933s] Level 1:colcon.colcon_core.package_identification:_identify(image_samples) by extensions ['ignore', 'ignore_ament_install']
[0.933s] Level 1:colcon.colcon_core.package_identification:_identify(image_samples) by extension 'ignore'
[0.933s] Level 1:colcon.colcon_core.package_identification:_identify(image_samples) by extension 'ignore_ament_install'
[0.933s] Level 1:colcon.colcon_core.package_identification:_identify(image_samples) by extensions ['colcon_pkg']
[0.933s] Level 1:colcon.colcon_core.package_identification:_identify(image_samples) by extension 'colcon_pkg'
[0.933s] Level 1:colcon.colcon_core.package_identification:_identify(image_samples) by extensions ['colcon_meta']
[0.933s] Level 1:colcon.colcon_core.package_identification:_identify(image_samples) by extension 'colcon_meta'
[0.933s] Level 1:colcon.colcon_core.package_identification:_identify(image_samples) by extensions ['ros']
[0.933s] Level 1:colcon.colcon_core.package_identification:_identify(image_samples) by extension 'ros'
[0.934s] Level 1:colcon.colcon_core.package_identification:_identify(image_samples) by extensions ['cmake', 'python']
[0.934s] Level 1:colcon.colcon_core.package_identification:_identify(image_samples) by extension 'cmake'
[0.934s] Level 1:colcon.colcon_core.package_identification:_identify(image_samples) by extension 'python'
[0.934s] Level 1:colcon.colcon_core.package_identification:_identify(image_samples) by extensions ['python_setup_py']
[0.934s] Level 1:colcon.colcon_core.package_identification:_identify(image_samples) by extension 'python_setup_py'
[0.934s] Level 1:colcon.colcon_core.package_identification:_identify(install) by extensions ['ignore', 'ignore_ament_install']
[0.934s] Level 1:colcon.colcon_core.package_identification:_identify(install) by extension 'ignore'
[0.934s] Level 1:colcon.colcon_core.package_identification:_identify(install) ignored
[0.934s] Level 1:colcon.colcon_core.package_identification:_identify(log) by extensions ['ignore', 'ignore_ament_install']
[0.934s] Level 1:colcon.colcon_core.package_identification:_identify(log) by extension 'ignore'
[0.934s] Level 1:colcon.colcon_core.package_identification:_identify(log) ignored
[0.934s] Level 1:colcon.colcon_core.package_identification:_identify(src) by extensions ['ignore', 'ignore_ament_install']
[0.934s] Level 1:colcon.colcon_core.package_identification:_identify(src) by extension 'ignore'
[0.934s] Level 1:colcon.colcon_core.package_identification:_identify(src) by extension 'ignore_ament_install'
[0.934s] Level 1:colcon.colcon_core.package_identification:_identify(src) by extensions ['colcon_pkg']
[0.934s] Level 1:colcon.colcon_core.package_identification:_identify(src) by extension 'colcon_pkg'
[0.934s] Level 1:colcon.colcon_core.package_identification:_identify(src) by extensions ['colcon_meta']
[0.934s] Level 1:colcon.colcon_core.package_identification:_identify(src) by extension 'colcon_meta'
[0.934s] Level 1:colcon.colcon_core.package_identification:_identify(src) by extensions ['ros']
[0.934s] Level 1:colcon.colcon_core.package_identification:_identify(src) by extension 'ros'
[0.934s] Level 1:colcon.colcon_core.package_identification:_identify(src) by extensions ['cmake', 'python']
[0.934s] Level 1:colcon.colcon_core.package_identification:_identify(src) by extension 'cmake'
[0.934s] Level 1:colcon.colcon_core.package_identification:_identify(src) by extension 'python'
[0.934s] Level 1:colcon.colcon_core.package_identification:_identify(src) by extensions ['python_setup_py']
[0.934s] Level 1:colcon.colcon_core.package_identification:_identify(src) by extension 'python_setup_py'
[0.934s] Level 1:colcon.colcon_core.package_identification:_identify(src/custom_interfaces) by extensions ['ignore', 'ignore_ament_install']
[0.934s] Level 1:colcon.colcon_core.package_identification:_identify(src/custom_interfaces) by extension 'ignore'
[0.934s] Level 1:colcon.colcon_core.package_identification:_identify(src/custom_interfaces) by extension 'ignore_ament_install'
[0.934s] Level 1:colcon.colcon_core.package_identification:_identify(src/custom_interfaces) by extensions ['colcon_pkg']
[0.934s] Level 1:colcon.colcon_core.package_identification:_identify(src/custom_interfaces) by extension 'colcon_pkg'
[0.934s] Level 1:colcon.colcon_core.package_identification:_identify(src/custom_interfaces) by extensions ['colcon_meta']
[0.934s] Level 1:colcon.colcon_core.package_identification:_identify(src/custom_interfaces) by extension 'colcon_meta'
[0.934s] Level 1:colcon.colcon_core.package_identification:_identify(src/custom_interfaces) by extensions ['ros']
[0.934s] Level 1:colcon.colcon_core.package_identification:_identify(src/custom_interfaces) by extension 'ros'
[0.936s] DEBUG:colcon.colcon_core.package_identification:Package 'src/custom_interfaces' with type 'ros.ament_cmake' and name 'custom_interfaces'
[0.936s] Level 1:colcon.colcon_core.package_identification:_identify(src/my_robot_controller) by extensions ['ignore', 'ignore_ament_install']
[0.936s] Level 1:colcon.colcon_core.package_identification:_identify(src/my_robot_controller) by extension 'ignore'
[0.936s] Level 1:colcon.colcon_core.package_identification:_identify(src/my_robot_controller) by extension 'ignore_ament_install'
[0.936s] Level 1:colcon.colcon_core.package_identification:_identify(src/my_robot_controller) by extensions ['colcon_pkg']
[0.936s] Level 1:colcon.colcon_core.package_identification:_identify(src/my_robot_controller) by extension 'colcon_pkg'
[0.936s] Level 1:colcon.colcon_core.package_identification:_identify(src/my_robot_controller) by extensions ['colcon_meta']
[0.936s] Level 1:colcon.colcon_core.package_identification:_identify(src/my_robot_controller) by extension 'colcon_meta'
[0.936s] Level 1:colcon.colcon_core.package_identification:_identify(src/my_robot_controller) by extensions ['ros']
[0.936s] Level 1:colcon.colcon_core.package_identification:_identify(src/my_robot_controller) by extension 'ros'
[0.937s] DEBUG:colcon.colcon_core.package_identification:Package 'src/my_robot_controller' with type 'ros.ament_python' and name 'my_robot_controller'
[0.937s] Level 1:colcon.colcon_core.package_discovery:discover_packages(recursive) using defaults
[0.937s] Level 1:colcon.colcon_core.package_discovery:discover_packages(ignore) discover
[0.937s] Level 1:colcon.colcon_core.package_discovery:discover_packages(ignore) using defaults
[0.937s] Level 1:colcon.colcon_core.package_discovery:discover_packages(path) discover
[0.937s] Level 1:colcon.colcon_core.package_discovery:discover_packages(path) using defaults
[0.989s] Level 5:colcon.colcon_core.verb:set package 'custom_interfaces' build argument 'cmake_args' from command line to 'None'
[0.989s] Level 5:colcon.colcon_core.verb:set package 'custom_interfaces' build argument 'cmake_target' from command line to 'None'
[0.989s] Level 5:colcon.colcon_core.verb:set package 'custom_interfaces' build argument 'cmake_target_skip_unavailable' from command line to 'False'
[0.989s] Level 5:colcon.colcon_core.verb:set package 'custom_interfaces' build argument 'cmake_clean_cache' from command line to 'False'
[0.989s] Level 5:colcon.colcon_core.verb:set package 'custom_interfaces' build argument 'cmake_clean_first' from command line to 'False'
[0.989s] Level 5:colcon.colcon_core.verb:set package 'custom_interfaces' build argument 'cmake_force_configure' from command line to 'False'
[0.989s] Level 5:colcon.colcon_core.verb:set package 'custom_interfaces' build argument 'ament_cmake_args' from command line to 'None'
[0.989s] Level 5:colcon.colcon_core.verb:set package 'custom_interfaces' build argument 'catkin_cmake_args' from command line to 'None'
[0.989s] Level 5:colcon.colcon_core.verb:set package 'custom_interfaces' build argument 'catkin_skip_building_tests' from command line to 'False'
[0.989s] DEBUG:colcon.colcon_core.verb:Building package 'custom_interfaces' with the following arguments: {'ament_cmake_args': None, 'build_base': '/home/krono/dev/RobotProgramming/Pothole-Reporting-Robot/ros2_ws/build/custom_interfaces', 'catkin_cmake_args': None, 'catkin_skip_building_tests': False, 'cmake_args': None, 'cmake_clean_cache': False, 'cmake_clean_first': False, 'cmake_force_configure': False, 'cmake_target': None, 'cmake_target_skip_unavailable': False, 'install_base': '/home/krono/dev/RobotProgramming/Pothole-Reporting-Robot/ros2_ws/install/custom_interfaces', 'merge_install': False, 'path': '/home/krono/dev/RobotProgramming/Pothole-Reporting-Robot/ros2_ws/src/custom_interfaces', 'symlink_install': False, 'test_result_base': None}
[0.998s] Level 5:colcon.colcon_core.verb:set package 'my_robot_controller' build argument 'cmake_args' from command line to 'None'
[0.999s] Level 5:colcon.colcon_core.verb:set package 'my_robot_controller' build argument 'cmake_target' from command line to 'None'
[0.999s] Level 5:colcon.colcon_core.verb:set package 'my_robot_controller' build argument 'cmake_target_skip_unavailable' from command line to 'False'
[0.999s] Level 5:colcon.colcon_core.verb:set package 'my_robot_controller' build argument 'cmake_clean_cache' from command line to 'False'
[0.999s] Level 5:colcon.colcon_core.verb:set package 'my_robot_controller' build argument 'cmake_clean_first' from command line to 'False'
[0.999s] Level 5:colcon.colcon_core.verb:set package 'my_robot_controller' build argument 'cmake_force_configure' from command line to 'False'
[0.999s] Level 5:colcon.colcon_core.verb:set package 'my_robot_controller' build argument 'ament_cmake_args' from command line to 'None'
[0.999s] Level 5:colcon.colcon_core.verb:set package 'my_robot_controller' build argument 'catkin_cmake_args' from command line to 'None'
[0.999s] Level 5:colcon.colcon_core.verb:set package 'my_robot_controller' build argument 'catkin_skip_building_tests' from command line to 'False'
[0.999s] DEBUG:colcon.colcon_core.verb:Building package 'my_robot_controller' with the following arguments: {'ament_cmake_args': None, 'build_base': '/home/krono/dev/RobotProgramming/Pothole-Reporting-Robot/ros2_ws/build/my_robot_controller', 'catkin_cmake_args': None, 'catkin_skip_building_tests': False, 'cmake_args': None, 'cmake_clean_cache': False, 'cmake_clean_first': False, 'cmake_force_configure': False, 'cmake_target': None, 'cmake_target_skip_unavailable': False, 'install_base': '/home/krono/dev/RobotProgramming/Pothole-Reporting-Robot/ros2_ws/install/my_robot_controller', 'merge_install': False, 'path': '/home/krono/dev/RobotProgramming/Pothole-Reporting-Robot/ros2_ws/src/my_robot_controller', 'symlink_install': False, 'test_result_base': None}
[1.008s] INFO:colcon.colcon_core.executor:Executing jobs using 'parallel' executor
[1.025s] DEBUG:colcon.colcon_parallel_executor.executor.parallel:run_until_complete
[1.026s] INFO:colcon.colcon_ros.task.ament_cmake.build:Building ROS package in '/home/krono/dev/RobotProgramming/Pothole-Reporting-Robot/ros2_ws/src/custom_interfaces' with build type 'ament_cmake'
[1.026s] INFO:colcon.colcon_cmake.task.cmake.build:Building CMake package in '/home/krono/dev/RobotProgramming/Pothole-Reporting-Robot/ros2_ws/src/custom_interfaces'
[1.037s] INFO:colcon.colcon_core.plugin_system:Skipping extension 'colcon_core.shell.bat': Not used on non-Windows systems
[1.037s] INFO:colcon.colcon_core.shell:Skip shell extension 'powershell' for command environment: Not usable outside of PowerShell
[1.037s] DEBUG:colcon.colcon_core.shell:Skip shell extension 'dsv' for command environment
[1.089s] INFO:colcon.colcon_ros.task.ament_python.build:Building ROS package in '/home/krono/dev/RobotProgramming/Pothole-Reporting-Robot/ros2_ws/src/my_robot_controller' with build type 'ament_python'
[1.089s] Level 1:colcon.colcon_core.shell:create_environment_hook('my_robot_controller', 'ament_prefix_path')
[1.099s] INFO:colcon.colcon_core.shell:Creating environment hook '/home/krono/dev/RobotProgramming/Pothole-Reporting-Robot/ros2_ws/install/my_robot_controller/share/my_robot_controller/hook/ament_prefix_path.ps1'
[1.100s] INFO:colcon.colcon_core.shell:Creating environment descriptor '/home/krono/dev/RobotProgramming/Pothole-Reporting-Robot/ros2_ws/install/my_robot_controller/share/my_robot_controller/hook/ament_prefix_path.dsv'
[1.100s] INFO:colcon.colcon_core.shell:Creating environment hook '/home/krono/dev/RobotProgramming/Pothole-Reporting-Robot/ros2_ws/install/my_robot_controller/share/my_robot_controller/hook/ament_prefix_path.sh'
[1.110s] INFO:colcon.colcon_core.shell:Skip shell extension 'powershell' for command environment: Not usable outside of PowerShell
[1.111s] DEBUG:colcon.colcon_core.shell:Skip shell extension 'dsv' for command environment
[1.168s] DEBUG:colcon.colcon_core.event_handler.log_command:Invoking command in '/home/krono/dev/RobotProgramming/Pothole-Reporting-Robot/ros2_ws/build/custom_interfaces': CMAKE_PREFIX_PATH=${CMAKE_PREFIX_PATH}:/home/krono/dev/RobotProgramming/Pothole-Reporting-Robot/ros2_ws/install/my_robot_controller:/home/krono/dev/RobotProgramming/limo_ros2/install/voice_control:/home/krono/dev/RobotProgramming/CMP9767_LIMO/install/uol_cmp9767_tutorial:/home/krono/dev/RobotProgramming/CMP9767_LIMO/install/assignment_template:/opt/ros/humble /usr/bin/cmake --build /home/krono/dev/RobotProgramming/Pothole-Reporting-Robot/ros2_ws/build/custom_interfaces -- -j20 -l20
[1.492s] INFO:colcon.colcon_core.task.python.build:Building Python package in '/home/krono/dev/RobotProgramming/Pothole-Reporting-Robot/ros2_ws/src/my_robot_controller'
[1.502s] INFO:colcon.colcon_core.shell:Skip shell extension 'powershell' for command environment: Not usable outside of PowerShell
[1.502s] DEBUG:colcon.colcon_core.shell:Skip shell extension 'dsv' for command environment
[1.583s] DEBUG:colcon.colcon_core.event_handler.log_command:Invoked command in '/home/krono/dev/RobotProgramming/Pothole-Reporting-Robot/ros2_ws/build/custom_interfaces' returned '2': CMAKE_PREFIX_PATH=${CMAKE_PREFIX_PATH}:/home/krono/dev/RobotProgramming/Pothole-Reporting-Robot/ros2_ws/install/my_robot_controller:/home/krono/dev/RobotProgramming/limo_ros2/install/voice_control:/home/krono/dev/RobotProgramming/CMP9767_LIMO/install/uol_cmp9767_tutorial:/home/krono/dev/RobotProgramming/CMP9767_LIMO/install/assignment_template:/opt/ros/humble /usr/bin/cmake --build /home/krono/dev/RobotProgramming/Pothole-Reporting-Robot/ros2_ws/build/custom_interfaces -- -j20 -l20
[1.605s] Level 1:colcon.colcon_core.environment:create_environment_scripts_only(custom_interfaces)
[1.618s] Level 1:colcon.colcon_core.environment:checking '/home/krono/dev/RobotProgramming/Pothole-Reporting-Robot/ros2_ws/install/custom_interfaces' for CMake module files
[1.618s] Level 1:colcon.colcon_core.environment:checking '/home/krono/dev/RobotProgramming/Pothole-Reporting-Robot/ros2_ws/install/custom_interfaces' for CMake config files
[1.618s] Level 1:colcon.colcon_core.shell:create_environment_hook('custom_interfaces', 'cmake_prefix_path')
[1.628s] INFO:colcon.colcon_core.shell:Creating environment hook '/home/krono/dev/RobotProgramming/Pothole-Reporting-Robot/ros2_ws/install/custom_interfaces/share/custom_interfaces/hook/cmake_prefix_path.ps1'
[1.629s] INFO:colcon.colcon_core.shell:Creating environment descriptor '/home/krono/dev/RobotProgramming/Pothole-Reporting-Robot/ros2_ws/install/custom_interfaces/share/custom_interfaces/hook/cmake_prefix_path.dsv'
[1.629s] INFO:colcon.colcon_core.shell:Creating environment hook '/home/krono/dev/RobotProgramming/Pothole-Reporting-Robot/ros2_ws/install/custom_interfaces/share/custom_interfaces/hook/cmake_prefix_path.sh'
[1.629s] Level 1:colcon.colcon_core.environment:checking '/home/krono/dev/RobotProgramming/Pothole-Reporting-Robot/ros2_ws/install/custom_interfaces/bin'
[1.629s] Level 1:colcon.colcon_core.environment:checking '/home/krono/dev/RobotProgramming/Pothole-Reporting-Robot/ros2_ws/install/custom_interfaces/lib/pkgconfig/custom_interfaces.pc'
[1.630s] Level 1:colcon.colcon_core.environment:checking '/home/krono/dev/RobotProgramming/Pothole-Reporting-Robot/ros2_ws/install/custom_interfaces/lib/python3.10/site-packages'
[1.630s] Level 1:colcon.colcon_core.environment:checking '/home/krono/dev/RobotProgramming/Pothole-Reporting-Robot/ros2_ws/install/custom_interfaces/bin'
[1.641s] INFO:colcon.colcon_core.shell:Creating package script '/home/krono/dev/RobotProgramming/Pothole-Reporting-Robot/ros2_ws/install/custom_interfaces/share/custom_interfaces/package.ps1'
[1.642s] INFO:colcon.colcon_core.shell:Creating package descriptor '/home/krono/dev/RobotProgramming/Pothole-Reporting-Robot/ros2_ws/install/custom_interfaces/share/custom_interfaces/package.dsv'
[1.642s] INFO:colcon.colcon_core.shell:Creating package script '/home/krono/dev/RobotProgramming/Pothole-Reporting-Robot/ros2_ws/install/custom_interfaces/share/custom_interfaces/package.sh'
[1.643s] INFO:colcon.colcon_core.shell:Creating package script '/home/krono/dev/RobotProgramming/Pothole-Reporting-Robot/ros2_ws/install/custom_interfaces/share/custom_interfaces/package.bash'
[1.643s] INFO:colcon.colcon_core.shell:Creating package script '/home/krono/dev/RobotProgramming/Pothole-Reporting-Robot/ros2_ws/install/custom_interfaces/share/custom_interfaces/package.zsh'
[1.644s] Level 1:colcon.colcon_core.environment:create_file_with_runtime_dependencies(/home/krono/dev/RobotProgramming/Pothole-Reporting-Robot/ros2_ws/install/custom_interfaces/share/colcon-core/packages/custom_interfaces)
[1.929s] DEBUG:colcon.colcon_parallel_executor.executor.parallel:closing loop
[1.929s] DEBUG:colcon.colcon_parallel_executor.executor.parallel:loop closed
[1.929s] DEBUG:colcon.colcon_parallel_executor.executor.parallel:run_until_complete finished with '2'
[1.929s] DEBUG:colcon.colcon_core.event_reactor:joining thread
[1.941s] INFO:colcon.colcon_core.plugin_system:Skipping extension 'colcon_notification.desktop_notification.terminal_notifier': Not used on non-Darwin systems
[1.941s] INFO:colcon.colcon_core.plugin_system:Skipping extension 'colcon_notification.desktop_notification.win32': Not used on non-Windows systems
[1.941s] INFO:colcon.colcon_notification.desktop_notification:Sending desktop notification using 'notify2'
[1.954s] DEBUG:colcon.colcon_core.event_reactor:joined thread
[1.963s] INFO:colcon.colcon_core.shell:Creating prefix script '/home/krono/dev/RobotProgramming/Pothole-Reporting-Robot/ros2_ws/install/local_setup.ps1'
[1.964s] INFO:colcon.colcon_core.shell:Creating prefix util module '/home/krono/dev/RobotProgramming/Pothole-Reporting-Robot/ros2_ws/install/_local_setup_util_ps1.py'
[1.965s] INFO:colcon.colcon_core.shell:Creating prefix chain script '/home/krono/dev/RobotProgramming/Pothole-Reporting-Robot/ros2_ws/install/setup.ps1'
[1.976s] INFO:colcon.colcon_core.shell:Creating prefix script '/home/krono/dev/RobotProgramming/Pothole-Reporting-Robot/ros2_ws/install/local_setup.sh'
[1.977s] INFO:colcon.colcon_core.shell:Creating prefix util module '/home/krono/dev/RobotProgramming/Pothole-Reporting-Robot/ros2_ws/install/_local_setup_util_sh.py'
[1.977s] INFO:colcon.colcon_core.shell:Creating prefix chain script '/home/krono/dev/RobotProgramming/Pothole-Reporting-Robot/ros2_ws/install/setup.sh'
[1.988s] INFO:colcon.colcon_core.shell:Creating prefix script '/home/krono/dev/RobotProgramming/Pothole-Reporting-Robot/ros2_ws/install/local_setup.bash'
[1.989s] INFO:colcon.colcon_core.shell:Creating prefix chain script '/home/krono/dev/RobotProgramming/Pothole-Reporting-Robot/ros2_ws/install/setup.bash'
[2.000s] INFO:colcon.colcon_core.shell:Creating prefix script '/home/krono/dev/RobotProgramming/Pothole-Reporting-Robot/ros2_ws/install/local_setup.zsh'
[2.000s] INFO:colcon.colcon_core.shell:Creating prefix chain script '/home/krono/dev/RobotProgramming/Pothole-Reporting-Robot/ros2_ws/install/setup.zsh'
