[0.142s] Invoking command in '/home/krono/dev/RobotProgramming/Pothole-Reporting-Robot/ros2_ws/build/custom_interfaces': CMAKE_PREFIX_PATH=${CMAKE_PREFIX_PATH}:/home/krono/dev/RobotProgramming/Pothole-Reporting-Robot/ros2_ws/install/my_robot_controller:/home/krono/dev/RobotProgramming/limo_ros2/install/voice_control:/home/krono/dev/RobotProgramming/CMP9767_LIMO/install/uol_cmp9767_tutorial:/home/krono/dev/RobotProgramming/CMP9767_LIMO/install/assignment_template:/opt/ros/humble /usr/bin/cmake --build /home/krono/dev/RobotProgramming/Pothole-Reporting-Robot/ros2_ws/build/custom_interfaces -- -j20 -l20
[0.152s] -- Found ament_cmake: 1.3.6 (/opt/ros/humble/share/ament_cmake/cmake)
[0.264s] -- Found geometry_msgs: 4.2.3 (/opt/ros/humble/share/geometry_msgs/cmake)
[0.282s] -- Found rosidl_generator_c: 3.1.5 (/opt/ros/humble/share/rosidl_generator_c/cmake)
[0.284s] -- Found rosidl_adapter: 3.1.5 (/opt/ros/humble/share/rosidl_adapter/cmake)
[0.288s] -- Found rosidl_generator_cpp: 3.1.5 (/opt/ros/humble/share/rosidl_generator_cpp/cmake)
[0.296s] -- Using all available rosidl_typesupport_c: rosidl_typesupport_fastrtps_c;rosidl_typesupport_introspection_c
[0.307s] -- Using all available rosidl_typesupport_cpp: rosidl_typesupport_fastrtps_cpp;rosidl_typesupport_introspection_cpp
[0.393s] -- Found rosidl_default_generators: 1.2.0 (/opt/ros/humble/share/rosidl_default_generators/cmake)
[0.552s] [31mCMake Error at /opt/ros/humble/share/rosidl_cmake/cmake/rosidl_generate_interfaces.cmake:229 (message):
[0.552s]   Packages installing interfaces must include
[0.552s]   '<member_of_group>rosidl_interface_packages</member_of_group>' in their
[0.552s]   package.xml
[0.552s] Call Stack (most recent call first):
[0.553s]   CMakeLists.txt:13 (rosidl_generate_interfaces)
[0.553s] 
[0.553s] [0m
[0.553s] -- Configuring incomplete, errors occurred!
[0.553s] See also "/home/krono/dev/RobotProgramming/Pothole-Reporting-Robot/ros2_ws/build/custom_interfaces/CMakeFiles/CMakeOutput.log".
[0.556s] gmake: *** [Makefile:226: cmake_check_build_system] Error 1
[0.557s] Invoked command in '/home/krono/dev/RobotProgramming/Pothole-Reporting-Robot/ros2_ws/build/custom_interfaces' returned '2': CMAKE_PREFIX_PATH=${CMAKE_PREFIX_PATH}:/home/krono/dev/RobotProgramming/Pothole-Reporting-Robot/ros2_ws/install/my_robot_controller:/home/krono/dev/RobotProgramming/limo_ros2/install/voice_control:/home/krono/dev/RobotProgramming/CMP9767_LIMO/install/uol_cmp9767_tutorial:/home/krono/dev/RobotProgramming/CMP9767_LIMO/install/assignment_template:/opt/ros/humble /usr/bin/cmake --build /home/krono/dev/RobotProgramming/Pothole-Reporting-Robot/ros2_ws/build/custom_interfaces -- -j20 -l20
