[0.833s] Invoking command in '/home/krono/dev/RobotProgramming/Pothole-Reporting-Robot/ros2_ws/build/my_robot_controller': PYTHONPATH=/home/krono/dev/RobotProgramming/Pothole-Reporting-Robot/ros2_ws/build/my_robot_controller/prefix_override:/home/krono/dev/RobotProgramming/Pothole-Reporting-Robot/ros2_ws/install/my_robot_controller/lib/python3.10/site-packages:${PYTHONPATH} /usr/bin/python3 setup.py develop --uninstall --editable --build-directory /home/krono/dev/RobotProgramming/Pothole-Reporting-Robot/ros2_ws/build/my_robot_controller/build
[1.121s] running develop
[1.327s] Removing /home/krono/dev/RobotProgramming/Pothole-Reporting-Robot/ros2_ws/install/my_robot_controller/lib/python3.10/site-packages/my-robot-controller.egg-link (link to .)
[1.352s] Invoked command in '/home/krono/dev/RobotProgramming/Pothole-Reporting-Robot/ros2_ws/build/my_robot_controller' returned '0': PYTHONPATH=/home/krono/dev/RobotProgramming/Pothole-Reporting-Robot/ros2_ws/build/my_robot_controller/prefix_override:/home/krono/dev/RobotProgramming/Pothole-Reporting-Robot/ros2_ws/install/my_robot_controller/lib/python3.10/site-packages:${PYTHONPATH} /usr/bin/python3 setup.py develop --uninstall --editable --build-directory /home/krono/dev/RobotProgramming/Pothole-Reporting-Robot/ros2_ws/build/my_robot_controller/build
[1.353s] Invoking command in '/home/krono/dev/RobotProgramming/Pothole-Reporting-Robot/ros2_ws/src/my_robot_controller': PYTHONPATH=/home/krono/dev/RobotProgramming/Pothole-Reporting-Robot/ros2_ws/build/my_robot_controller/prefix_override:/home/krono/dev/RobotProgramming/Pothole-Reporting-Robot/ros2_ws/install/my_robot_controller/lib/python3.10/site-packages:${PYTHONPATH} /usr/bin/python3 setup.py egg_info --egg-base ../../build/my_robot_controller build --build-base /home/krono/dev/RobotProgramming/Pothole-Reporting-Robot/ros2_ws/build/my_robot_controller/build install --record /home/krono/dev/RobotProgramming/Pothole-Reporting-Robot/ros2_ws/build/my_robot_controller/install.log --single-version-externally-managed
[1.626s] running egg_info
[1.626s] writing ../../build/my_robot_controller/my_robot_controller.egg-info/PKG-INFO
[1.627s] writing dependency_links to ../../build/my_robot_controller/my_robot_controller.egg-info/dependency_links.txt
[1.627s] writing entry points to ../../build/my_robot_controller/my_robot_controller.egg-info/entry_points.txt
[1.627s] writing requirements to ../../build/my_robot_controller/my_robot_controller.egg-info/requires.txt
[1.627s] writing top-level names to ../../build/my_robot_controller/my_robot_controller.egg-info/top_level.txt
[1.628s] reading manifest file '../../build/my_robot_controller/my_robot_controller.egg-info/SOURCES.txt'
[1.629s] writing manifest file '../../build/my_robot_controller/my_robot_controller.egg-info/SOURCES.txt'
[1.629s] running build
[1.630s] running build_py
[1.630s] copying my_robot_controller/simple_pothole_detector.py -> /home/krono/dev/RobotProgramming/Pothole-Reporting-Robot/ros2_ws/build/my_robot_controller/build/lib/my_robot_controller
[1.630s] running install
[1.630s] running install_lib
[1.631s] creating /home/krono/dev/RobotProgramming/Pothole-Reporting-Robot/ros2_ws/install/my_robot_controller/lib/python3.10/site-packages/my_robot_controller
[1.631s] copying /home/krono/dev/RobotProgramming/Pothole-Reporting-Robot/ros2_ws/build/my_robot_controller/build/lib/my_robot_controller/__init__.py -> /home/krono/dev/RobotProgramming/Pothole-Reporting-Robot/ros2_ws/install/my_robot_controller/lib/python3.10/site-packages/my_robot_controller
[1.631s] copying /home/krono/dev/RobotProgramming/Pothole-Reporting-Robot/ros2_ws/build/my_robot_controller/build/lib/my_robot_controller/simple_pothole_detector.py -> /home/krono/dev/RobotProgramming/Pothole-Reporting-Robot/ros2_ws/install/my_robot_controller/lib/python3.10/site-packages/my_robot_controller
[1.631s] copying /home/krono/dev/RobotProgramming/Pothole-Reporting-Robot/ros2_ws/build/my_robot_controller/build/lib/my_robot_controller/first_node.py -> /home/krono/dev/RobotProgramming/Pothole-Reporting-Robot/ros2_ws/install/my_robot_controller/lib/python3.10/site-packages/my_robot_controller
[1.631s] byte-compiling /home/krono/dev/RobotProgramming/Pothole-Reporting-Robot/ros2_ws/install/my_robot_controller/lib/python3.10/site-packages/my_robot_controller/__init__.py to __init__.cpython-310.pyc
[1.632s] byte-compiling /home/krono/dev/RobotProgramming/Pothole-Reporting-Robot/ros2_ws/install/my_robot_controller/lib/python3.10/site-packages/my_robot_controller/simple_pothole_detector.py to simple_pothole_detector.cpython-310.pyc
[1.632s] byte-compiling /home/krono/dev/RobotProgramming/Pothole-Reporting-Robot/ros2_ws/install/my_robot_controller/lib/python3.10/site-packages/my_robot_controller/first_node.py to first_node.cpython-310.pyc
[1.632s] running install_data
[1.633s] running install_egg_info
[1.634s] Copying ../../build/my_robot_controller/my_robot_controller.egg-info to /home/krono/dev/RobotProgramming/Pothole-Reporting-Robot/ros2_ws/install/my_robot_controller/lib/python3.10/site-packages/my_robot_controller-0.0.1-py3.10.egg-info
[1.635s] running install_scripts
[1.654s] Installing simple_pothole_detector script to /home/krono/dev/RobotProgramming/Pothole-Reporting-Robot/ros2_ws/install/my_robot_controller/lib/my_robot_controller
[1.654s] Installing test_node script to /home/krono/dev/RobotProgramming/Pothole-Reporting-Robot/ros2_ws/install/my_robot_controller/lib/my_robot_controller
[1.654s] writing list of installed files to '/home/krono/dev/RobotProgramming/Pothole-Reporting-Robot/ros2_ws/build/my_robot_controller/install.log'
[1.675s] Invoked command in '/home/krono/dev/RobotProgramming/Pothole-Reporting-Robot/ros2_ws/src/my_robot_controller' returned '0': PYTHONPATH=/home/krono/dev/RobotProgramming/Pothole-Reporting-Robot/ros2_ws/build/my_robot_controller/prefix_override:/home/krono/dev/RobotProgramming/Pothole-Reporting-Robot/ros2_ws/install/my_robot_controller/lib/python3.10/site-packages:${PYTHONPATH} /usr/bin/python3 setup.py egg_info --egg-base ../../build/my_robot_controller build --build-base /home/krono/dev/RobotProgramming/Pothole-Reporting-Robot/ros2_ws/build/my_robot_controller/build install --record /home/krono/dev/RobotProgramming/Pothole-Reporting-Robot/ros2_ws/build/my_robot_controller/install.log --single-version-externally-managed
