[0.246s] Invoking command in '/home/krono/dev/RobotProgramming/Pothole-Reporting-Robot/ros2_ws/build/custom_interfaces': CMAKE_PREFIX_PATH=${CMAKE_PREFIX_PATH}:/home/krono/dev/RobotProgramming/Pothole-Reporting-Robot/ros2_ws/install/my_robot_controller:/home/krono/dev/RobotProgramming/limo_ros2/install/voice_control:/home/krono/dev/RobotProgramming/CMP9767_LIMO/install/uol_cmp9767_tutorial:/home/krono/dev/RobotProgramming/CMP9767_LIMO/install/assignment_template:/opt/ros/humble /usr/bin/cmake --build /home/krono/dev/RobotProgramming/Pothole-Reporting-Robot/ros2_ws/build/custom_interfaces -- -j20 -l20
[0.587s] Invoked command in '/home/krono/dev/RobotProgramming/Pothole-Reporting-Robot/ros2_ws/build/custom_interfaces' returned '0': CMAKE_PREFIX_PATH=${CMAKE_PREFIX_PATH}:/home/krono/dev/RobotProgramming/Pothole-Reporting-Robot/ros2_ws/install/my_robot_controller:/home/krono/dev/RobotProgramming/limo_ros2/install/voice_control:/home/krono/dev/RobotProgramming/CMP9767_LIMO/install/uol_cmp9767_tutorial:/home/krono/dev/RobotProgramming/CMP9767_LIMO/install/assignment_template:/opt/ros/humble /usr/bin/cmake --build /home/krono/dev/RobotProgramming/Pothole-Reporting-Robot/ros2_ws/build/custom_interfaces -- -j20 -l20
[0.605s] Invoking command in '/home/krono/dev/RobotProgramming/Pothole-Reporting-Robot/ros2_ws/build/custom_interfaces': CMAKE_PREFIX_PATH=${CMAKE_PREFIX_PATH}:/home/krono/dev/RobotProgramming/Pothole-Reporting-Robot/ros2_ws/install/my_robot_controller:/home/krono/dev/RobotProgramming/limo_ros2/install/voice_control:/home/krono/dev/RobotProgramming/CMP9767_LIMO/install/uol_cmp9767_tutorial:/home/krono/dev/RobotProgramming/CMP9767_LIMO/install/assignment_template:/opt/ros/humble /usr/bin/cmake --install /home/krono/dev/RobotProgramming/Pothole-Reporting-Robot/ros2_ws/build/custom_interfaces
[0.607s] -- Install configuration: ""
[0.607s] -- Up-to-date: /home/krono/dev/RobotProgramming/Pothole-Reporting-Robot/ros2_ws/install/custom_interfaces/share/ament_index/resource_index/package_run_dependencies/custom_interfaces
[0.607s] -- Up-to-date: /home/krono/dev/RobotProgramming/Pothole-Reporting-Robot/ros2_ws/install/custom_interfaces/share/ament_index/resource_index/parent_prefix_path/custom_interfaces
[0.608s] -- Up-to-date: /home/krono/dev/RobotProgramming/Pothole-Reporting-Robot/ros2_ws/install/custom_interfaces/share/custom_interfaces/environment/ament_prefix_path.sh
[0.608s] -- Up-to-date: /home/krono/dev/RobotProgramming/Pothole-Reporting-Robot/ros2_ws/install/custom_interfaces/share/custom_interfaces/environment/ament_prefix_path.dsv
[0.608s] -- Up-to-date: /home/krono/dev/RobotProgramming/Pothole-Reporting-Robot/ros2_ws/install/custom_interfaces/share/custom_interfaces/environment/path.sh
[0.608s] -- Up-to-date: /home/krono/dev/RobotProgramming/Pothole-Reporting-Robot/ros2_ws/install/custom_interfaces/share/custom_interfaces/environment/path.dsv
[0.608s] -- Up-to-date: /home/krono/dev/RobotProgramming/Pothole-Reporting-Robot/ros2_ws/install/custom_interfaces/share/custom_interfaces/local_setup.bash
[0.608s] -- Up-to-date: /home/krono/dev/RobotProgramming/Pothole-Reporting-Robot/ros2_ws/install/custom_interfaces/share/custom_interfaces/local_setup.sh
[0.608s] -- Up-to-date: /home/krono/dev/RobotProgramming/Pothole-Reporting-Robot/ros2_ws/install/custom_interfaces/share/custom_interfaces/local_setup.zsh
[0.608s] -- Up-to-date: /home/krono/dev/RobotProgramming/Pothole-Reporting-Robot/ros2_ws/install/custom_interfaces/share/custom_interfaces/local_setup.dsv
[0.608s] -- Up-to-date: /home/krono/dev/RobotProgramming/Pothole-Reporting-Robot/ros2_ws/install/custom_interfaces/share/custom_interfaces/package.dsv
[0.608s] -- Up-to-date: /home/krono/dev/RobotProgramming/Pothole-Reporting-Robot/ros2_ws/install/custom_interfaces/share/ament_index/resource_index/packages/custom_interfaces
[0.608s] -- Up-to-date: /home/krono/dev/RobotProgramming/Pothole-Reporting-Robot/ros2_ws/install/custom_interfaces/share/custom_interfaces/cmake/custom_interfacesConfig.cmake
[0.608s] -- Up-to-date: /home/krono/dev/RobotProgramming/Pothole-Reporting-Robot/ros2_ws/install/custom_interfaces/share/custom_interfaces/cmake/custom_interfacesConfig-version.cmake
[0.608s] -- Up-to-date: /home/krono/dev/RobotProgramming/Pothole-Reporting-Robot/ros2_ws/install/custom_interfaces/share/custom_interfaces/package.xml
[0.609s] Invoked command in '/home/krono/dev/RobotProgramming/Pothole-Reporting-Robot/ros2_ws/build/custom_interfaces' returned '0': CMAKE_PREFIX_PATH=${CMAKE_PREFIX_PATH}:/home/krono/dev/RobotProgramming/Pothole-Reporting-Robot/ros2_ws/install/my_robot_controller:/home/krono/dev/RobotProgramming/limo_ros2/install/voice_control:/home/krono/dev/RobotProgramming/CMP9767_LIMO/install/uol_cmp9767_tutorial:/home/krono/dev/RobotProgramming/CMP9767_LIMO/install/assignment_template:/opt/ros/humble /usr/bin/cmake --install /home/krono/dev/RobotProgramming/Pothole-Reporting-Robot/ros2_ws/build/custom_interfaces
