[0.804s] Invoking command in '/home/krono/dev/RobotProgramming/Pothole-Reporting-Robot/ros2_ws/src/my_robot_controller': PYTHONPATH=/home/krono/dev/RobotProgramming/Pothole-Reporting-Robot/ros2_ws/build/my_robot_controller/prefix_override:/home/krono/dev/RobotProgramming/Pothole-Reporting-Robot/ros2_ws/install/my_robot_controller/lib/python3.10/site-packages:${PYTHONPATH} /usr/bin/python3 setup.py egg_info --egg-base ../../build/my_robot_controller build --build-base /home/krono/dev/RobotProgramming/Pothole-Reporting-Robot/ros2_ws/build/my_robot_controller/build install --record /home/krono/dev/RobotProgramming/Pothole-Reporting-Robot/ros2_ws/build/my_robot_controller/install.log --single-version-externally-managed
[1.080s] running egg_info
[1.081s] writing ../../build/my_robot_controller/my_robot_controller.egg-info/PKG-INFO
[1.081s] writing dependency_links to ../../build/my_robot_controller/my_robot_controller.egg-info/dependency_links.txt
[1.082s] writing entry points to ../../build/my_robot_controller/my_robot_controller.egg-info/entry_points.txt
[1.082s] writing requirements to ../../build/my_robot_controller/my_robot_controller.egg-info/requires.txt
[1.082s] writing top-level names to ../../build/my_robot_controller/my_robot_controller.egg-info/top_level.txt
[1.083s] reading manifest file '../../build/my_robot_controller/my_robot_controller.egg-info/SOURCES.txt'
[1.084s] writing manifest file '../../build/my_robot_controller/my_robot_controller.egg-info/SOURCES.txt'
[1.084s] running build
[1.084s] running build_py
[1.084s] running install
[1.085s] running install_lib
[1.085s] running install_data
[1.086s] running install_egg_info
[1.087s] removing '/home/krono/dev/RobotProgramming/Pothole-Reporting-Robot/ros2_ws/install/my_robot_controller/lib/python3.10/site-packages/my_robot_controller-0.0.1-py3.10.egg-info' (and everything under it)
[1.088s] Copying ../../build/my_robot_controller/my_robot_controller.egg-info to /home/krono/dev/RobotProgramming/Pothole-Reporting-Robot/ros2_ws/install/my_robot_controller/lib/python3.10/site-packages/my_robot_controller-0.0.1-py3.10.egg-info
[1.089s] running install_scripts
[1.107s] Installing simple_pothole_detector script to /home/krono/dev/RobotProgramming/Pothole-Reporting-Robot/ros2_ws/install/my_robot_controller/lib/my_robot_controller
[1.107s] Installing test_node script to /home/krono/dev/RobotProgramming/Pothole-Reporting-Robot/ros2_ws/install/my_robot_controller/lib/my_robot_controller
[1.108s] writing list of installed files to '/home/krono/dev/RobotProgramming/Pothole-Reporting-Robot/ros2_ws/build/my_robot_controller/install.log'
[1.130s] Invoked command in '/home/krono/dev/RobotProgramming/Pothole-Reporting-Robot/ros2_ws/src/my_robot_controller' returned '0': PYTHONPATH=/home/krono/dev/RobotProgramming/Pothole-Reporting-Robot/ros2_ws/build/my_robot_controller/prefix_override:/home/krono/dev/RobotProgramming/Pothole-Reporting-Robot/ros2_ws/install/my_robot_controller/lib/python3.10/site-packages:${PYTHONPATH} /usr/bin/python3 setup.py egg_info --egg-base ../../build/my_robot_controller build --build-base /home/krono/dev/RobotProgramming/Pothole-Reporting-Robot/ros2_ws/build/my_robot_controller/build install --record /home/krono/dev/RobotProgramming/Pothole-Reporting-Robot/ros2_ws/build/my_robot_controller/install.log --single-version-externally-managed
